<?xml version="1.0" encoding="UTF-8"?>
<testsuite xmlns:xsi="http://www.w3.org/2001/XMLSchema-instance" xsi:noNamespaceSchemaLocation="https://maven.apache.org/surefire/maven-surefire-plugin/xsd/surefire-test-report.xsd" version="3.0.2" name="scheduler.aigen.BookingTest" time="0.119" tests="6" errors="0" skipped="0" failures="0">
  <properties>
[...]
</properties>
  <testcase name="validatesConstructorArguments" classname="scheduler.aigen.BookingTest" time="0.016"/>
  <testcase name="paymentAndSettersWork" classname="scheduler.aigen.BookingTest" time="0.0"/>
  <testcase name="defaultBookingSafelyReturnsZero" classname="scheduler.aigen.BookingTest" time="0.002"/>
  <testcase name="overlapModificationExtensionAndCancellation" classname="scheduler.aigen.BookingTest" time="0.001"/>
  <testcase name="calculatesDepositAndFinalCosts" classname="scheduler.aigen.BookingTest" time="0.001"/>
  <testcase name="constructorAndGettersWork" classname="scheduler.aigen.BookingTest" time="0.001"/>
</testsuite>