<?xml version="1.0" encoding="UTF-8"?>
<testsuite xmlns:xsi="http://www.w3.org/2001/XMLSchema-instance" xsi:noNamespaceSchemaLocation="https://maven.apache.org/surefire/maven-surefire-plugin/xsd/surefire-test-report.xsd" version="3.0.2" name="scheduler.randoop.RegressionTest" time="40.347" tests="904" errors="0" skipped="0" failures="0">
  <properties>
[...]
</properties>
  <testcase name="test001" classname="scheduler.randoop.RegressionTest0" time="0.005"/>
  <testcase name="test002" classname="scheduler.randoop.RegressionTest0" time="0.0"/>
  <testcase name="test003" classname="scheduler.randoop.RegressionTest0" time="0.001"/>
  <testcase name="test004" classname="scheduler.randoop.RegressionTest0" time="0.0"/>
  <testcase name="test005" classname="scheduler.randoop.RegressionTest0" time="0.001"/>
  <testcase name="test006" classname="scheduler.randoop.RegressionTest0" time="0.001"/>
  <testcase name="test007" classname="scheduler.randoop.RegressionTest0" time="0.386">
    <system-err><![CDATA[Skipped invalid account row for user: admin1
Skipped invalid account row for user: admin2
]]></system-err>
  </testcase>
  <testcase name="test008" classname="scheduler.randoop.RegressionTest0" time="0.001"/>
  <testcase name="test009" classname="scheduler.randoop.RegressionTest0" time="0.013"/>
  <testcase name="test010" classname="scheduler.randoop.RegressionTest0" time="0.003"/>
  <testcase name="test011" classname="scheduler.randoop.RegressionTest0" time="0.001"/>
  <testcase name="test012" classname="scheduler.randoop.RegressionTest0" time="0.0"/>
  <testcase name="test013" classname="scheduler.randoop.RegressionTest0" time="0.001"/>
  <testcase name="test014" classname="scheduler.randoop.RegressionTest0" time="0.0"/>
  <testcase name="test015" classname="scheduler.randoop.RegressionTest0" time="0.001"/>
  <testcase name="test016" classname="scheduler.randoop.RegressionTest0" time="0.0"/>
  <testcase name="test017" classname="scheduler.randoop.RegressionTest0" time="0.0"/>
  <testcase name="test018" classname="scheduler.randoop.RegressionTest0" time="0.001"/>
  <testcase name="test019" classname="scheduler.randoop.RegressionTest0" time="0.001"/>
  <testcase name="test020" classname="scheduler.randoop.RegressionTest0" time="0.001"/>
  <testcase name="test021" classname="scheduler.randoop.RegressionTest0" time="1.502"/>
  <testcase name="test022" classname="scheduler.randoop.RegressionTest0" time="0.0"/>
  <testcase name="test023" classname="scheduler.randoop.RegressionTest0" time="0.008"/>
  <testcase name="test024" classname="scheduler.randoop.RegressionTest0" time="0.001"/>
  <testcase name="test025" classname="scheduler.randoop.RegressionTest0" time="0.001"/>
  <testcase name="test026" classname="scheduler.randoop.RegressionTest0" time="0.002"/>
  <testcase name="test027" classname="scheduler.randoop.RegressionTest0" time="0.019"/>
  <testcase name="test028" classname="scheduler.randoop.RegressionTest0" time="0.0"/>
  <testcase name="test029" classname="scheduler.randoop.RegressionTest0" time="0.001"/>
  <testcase name="test030" classname="scheduler.randoop.RegressionTest0" time="0.008"/>
  <testcase name="test031" classname="scheduler.randoop.RegressionTest0" time="0.0"/>
  <testcase name="test032" classname="scheduler.randoop.RegressionTest0" time="0.001"/>
  <testcase name="test033" classname="scheduler.randoop.RegressionTest0" time="0.087"/>
  <testcase name="test034" classname="scheduler.randoop.RegressionTest0" time="0.061"/>
  <testcase name="test035" classname="scheduler.randoop.RegressionTest0" time="0.004"/>
  <testcase name="test036" classname="scheduler.randoop.RegressionTest0" time="0.002"/>
  <testcase name="test037" classname="scheduler.randoop.RegressionTest0" time="0.003"/>
  <testcase name="test038" classname="scheduler.randoop.RegressionTest0" time="0.0"/>
  <testcase name="test039" classname="scheduler.randoop.RegressionTest0" time="0.005"/>
  <testcase name="test040" classname="scheduler.randoop.RegressionTest0" time="0.004"/>
  <testcase name="test041" classname="scheduler.randoop.RegressionTest0" time="0.001"/>
  <testcase name="test042" classname="scheduler.randoop.RegressionTest0" time="0.0"/>
  <testcase name="test043" classname="scheduler.randoop.RegressionTest0" time="0.0"/>
  <testcase name="test044" classname="scheduler.randoop.RegressionTest0" time="0.101"/>
  <testcase name="test045" classname="scheduler.randoop.RegressionTest0" time="0.008"/>
  <testcase name="test046" classname="scheduler.randoop.RegressionTest0" time="0.003"/>
  <testcase name="test047" classname="scheduler.randoop.RegressionTest0" time="0.001"/>
  <testcase name="test048" classname="scheduler.randoop.RegressionTest0" time="0.0"/>
  <testcase name="test049" classname="scheduler.randoop.RegressionTest0" time="0.004"/>
  <testcase name="test050" classname="scheduler.randoop.RegressionTest0" time="0.0"/>
  <testcase name="test051" classname="scheduler.randoop.RegressionTest0" time="0.006"/>
  <testcase name="test052" classname="scheduler.randoop.RegressionTest0" time="0.16"/>
  <testcase name="test053" classname="scheduler.randoop.RegressionTest0" time="0.078"/>
  <testcase name="test054" classname="scheduler.randoop.RegressionTest0" time="0.001"/>
  <testcase name="test055" classname="scheduler.randoop.RegressionTest0" time="0.001"/>
  <testcase name="test056" classname="scheduler.randoop.RegressionTest0" time="0.004"/>
  <testcase name="test057" classname="scheduler.randoop.RegressionTest0" time="0.006"/>
  <testcase name="test058" classname="scheduler.randoop.RegressionTest0" time="0.148"/>
  <testcase name="test059" classname="scheduler.randoop.RegressionTest0" time="0.004"/>
  <testcase name="test060" classname="scheduler.randoop.RegressionTest0" time="0.0"/>
  <testcase name="test061" classname="scheduler.randoop.RegressionTest0" time="0.003"/>
  <testcase name="test062" classname="scheduler.randoop.RegressionTest0" time="0.003"/>
  <testcase name="test063" classname="scheduler.randoop.RegressionTest0" time="0.004"/>
  <testcase name="test064" classname="scheduler.randoop.RegressionTest0" time="0.0"/>
  <testcase name="test065" classname="scheduler.randoop.RegressionTest0" time="0.004"/>
  <testcase name="test066" classname="scheduler.randoop.RegressionTest0" time="0.063"/>
  <testcase name="test067" classname="scheduler.randoop.RegressionTest0" time="0.055"/>
  <testcase name="test068" classname="scheduler.randoop.RegressionTest0" time="0.117"/>
  <testcase name="test069" classname="scheduler.randoop.RegressionTest0" time="0.167"/>
  <testcase name="test070" classname="scheduler.randoop.RegressionTest0" time="0.003"/>
  <testcase name="test071" classname="scheduler.randoop.RegressionTest0" time="0.002"/>
  <testcase name="test072" classname="scheduler.randoop.RegressionTest0" time="0.005"/>
  <testcase name="test073" classname="scheduler.randoop.RegressionTest0" time="0.057"/>
  <testcase name="test074" classname="scheduler.randoop.RegressionTest0" time="0.0"/>
  <testcase name="test075" classname="scheduler.randoop.RegressionTest0" time="0.078"/>
  <testcase name="test076" classname="scheduler.randoop.RegressionTest0" time="0.075"/>
  <testcase name="test077" classname="scheduler.randoop.RegressionTest0" time="0.009"/>
  <testcase name="test078" classname="scheduler.randoop.RegressionTest0" time="0.081"/>
  <testcase name="test079" classname="scheduler.randoop.RegressionTest0" time="0.0"/>
  <testcase name="test080" classname="scheduler.randoop.RegressionTest0" time="0.0"/>
  <testcase name="test081" classname="scheduler.randoop.RegressionTest0" time="0.005"/>
  <testcase name="test082" classname="scheduler.randoop.RegressionTest0" time="0.004"/>
  <testcase name="test083" classname="scheduler.randoop.RegressionTest0" time="0.001"/>
  <testcase name="test084" classname="scheduler.randoop.RegressionTest0" time="0.072"/>
  <testcase name="test085" classname="scheduler.randoop.RegressionTest0" time="0.002"/>
  <testcase name="test086" classname="scheduler.randoop.RegressionTest0" time="0.047"/>
  <testcase name="test087" classname="scheduler.randoop.RegressionTest0" time="0.007"/>
  <testcase name="test088" classname="scheduler.randoop.RegressionTest0" time="0.003"/>
  <testcase name="test089" classname="scheduler.randoop.RegressionTest0" time="0.0"/>
  <testcase name="test090" classname="scheduler.randoop.RegressionTest0" time="0.001"/>
  <testcase name="test091" classname="scheduler.randoop.RegressionTest0" time="0.001"/>
  <testcase name="test092" classname="scheduler.randoop.RegressionTest0" time="0.0"/>
  <testcase name="test093" classname="scheduler.randoop.RegressionTest0" time="0.003"/>
  <testcase name="test094" classname="scheduler.randoop.RegressionTest0" time="0.003"/>
  <testcase name="test095" classname="scheduler.randoop.RegressionTest0" time="0.004"/>
  <testcase name="test096" classname="scheduler.randoop.RegressionTest0" time="0.0"/>
  <testcase name="test097" classname="scheduler.randoop.RegressionTest0" time="0.088"/>
  <testcase name="test098" classname="scheduler.randoop.RegressionTest0" time="0.061"/>
  <testcase name="test099" classname="scheduler.randoop.RegressionTest0" time="0.071"/>
  <testcase name="test100" classname="scheduler.randoop.RegressionTest0" time="0.001"/>
  <testcase name="test101" classname="scheduler.randoop.RegressionTest0" time="0.057"/>
  <testcase name="test102" classname="scheduler.randoop.RegressionTest0" time="0.0"/>
  <testcase name="test103" classname="scheduler.randoop.RegressionTest0" time="0.0"/>
  <testcase name="test104" classname="scheduler.randoop.RegressionTest0" time="0.004"/>
  <testcase name="test105" classname="scheduler.randoop.RegressionTest0" time="0.095"/>
  <testcase name="test106" classname="scheduler.randoop.RegressionTest0" time="0.007"/>
  <testcase name="test107" classname="scheduler.randoop.RegressionTest0" time="0.002"/>
  <testcase name="test108" classname="scheduler.randoop.RegressionTest0" time="0.0"/>
  <testcase name="test109" classname="scheduler.randoop.RegressionTest0" time="0.055"/>
  <testcase name="test110" classname="scheduler.randoop.RegressionTest0" time="0.084"/>
  <testcase name="test111" classname="scheduler.randoop.RegressionTest0" time="0.006"/>
  <testcase name="test112" classname="scheduler.randoop.RegressionTest0" time="0.014"/>
  <testcase name="test113" classname="scheduler.randoop.RegressionTest0" time="0.003"/>
  <testcase name="test114" classname="scheduler.randoop.RegressionTest0" time="0.0"/>
  <testcase name="test115" classname="scheduler.randoop.RegressionTest0" time="0.0"/>
  <testcase name="test116" classname="scheduler.randoop.RegressionTest0" time="0.0"/>
  <testcase name="test117" classname="scheduler.randoop.RegressionTest0" time="0.061"/>
  <testcase name="test118" classname="scheduler.randoop.RegressionTest0" time="0.111"/>
  <testcase name="test119" classname="scheduler.randoop.RegressionTest0" time="0.002"/>
  <testcase name="test120" classname="scheduler.randoop.RegressionTest0" time="0.01"/>
  <testcase name="test121" classname="scheduler.randoop.RegressionTest0" time="0.047"/>
  <testcase name="test122" classname="scheduler.randoop.RegressionTest0" time="0.0"/>
  <testcase name="test123" classname="scheduler.randoop.RegressionTest0" time="0.061"/>
  <testcase name="test124" classname="scheduler.randoop.RegressionTest0" time="0.284"/>
  <testcase name="test125" classname="scheduler.randoop.RegressionTest0" time="0.001"/>
  <testcase name="test126" classname="scheduler.randoop.RegressionTest0" time="0.081"/>
  <testcase name="test127" classname="scheduler.randoop.RegressionTest0" time="0.048"/>
  <testcase name="test128" classname="scheduler.randoop.RegressionTest0" time="0.001"/>
  <testcase name="test129" classname="scheduler.randoop.RegressionTest0" time="0.0"/>
  <testcase name="test130" classname="scheduler.randoop.RegressionTest0" time="0.055"/>
  <testcase name="test131" classname="scheduler.randoop.RegressionTest0" time="0.003"/>
  <testcase name="test132" classname="scheduler.randoop.RegressionTest0" time="0.004"/>
  <testcase name="test133" classname="scheduler.randoop.RegressionTest0" time="0.001"/>
  <testcase name="test134" classname="scheduler.randoop.RegressionTest0" time="0.153"/>
  <testcase name="test135" classname="scheduler.randoop.RegressionTest0" time="0.097"/>
  <testcase name="test136" classname="scheduler.randoop.RegressionTest0" time="0.086"/>
  <testcase name="test137" classname="scheduler.randoop.RegressionTest0" time="0.05"/>
  <testcase name="test138" classname="scheduler.randoop.RegressionTest0" time="0.002"/>
  <testcase name="test139" classname="scheduler.randoop.RegressionTest0" time="0.002"/>
  <testcase name="test140" classname="scheduler.randoop.RegressionTest0" time="0.06"/>
  <testcase name="test141" classname="scheduler.randoop.RegressionTest0" time="0.004"/>
  <testcase name="test142" classname="scheduler.randoop.RegressionTest0" time="0.0"/>
  <testcase name="test143" classname="scheduler.randoop.RegressionTest0" time="0.067"/>
  <testcase name="test144" classname="scheduler.randoop.RegressionTest0" time="0.051"/>
  <testcase name="test145" classname="scheduler.randoop.RegressionTest0" time="0.05"/>
  <testcase name="test146" classname="scheduler.randoop.RegressionTest0" time="0.084"/>
  <testcase name="test147" classname="scheduler.randoop.RegressionTest0" time="0.008"/>
  <testcase name="test148" classname="scheduler.randoop.RegressionTest0" time="0.046"/>
  <testcase name="test149" classname="scheduler.randoop.RegressionTest0" time="0.0"/>
  <testcase name="test150" classname="scheduler.randoop.RegressionTest0" time="0.04"/>
  <testcase name="test151" classname="scheduler.randoop.RegressionTest0" time="0.001"/>
  <testcase name="test152" classname="scheduler.randoop.RegressionTest0" time="0.043"/>
  <testcase name="test153" classname="scheduler.randoop.RegressionTest0" time="0.003">
    <system-out><![CDATA[Processing debit billing for: $100.0
]]></system-out>
  </testcase>
  <testcase name="test154" classname="scheduler.randoop.RegressionTest0" time="0.002"/>
  <testcase name="test155" classname="scheduler.randoop.RegressionTest0" time="0.12"/>
  <testcase name="test156" classname="scheduler.randoop.RegressionTest0" time="0.102"/>
  <testcase name="test157" classname="scheduler.randoop.RegressionTest0" time="0.194"/>
  <testcase name="test158" classname="scheduler.randoop.RegressionTest0" time="0.002"/>
  <testcase name="test159" classname="scheduler.randoop.RegressionTest0" time="0.074"/>
  <testcase name="test160" classname="scheduler.randoop.RegressionTest0" time="0.111"/>
  <testcase name="test161" classname="scheduler.randoop.RegressionTest0" time="0.058"/>
  <testcase name="test162" classname="scheduler.randoop.RegressionTest0" time="0.148"/>
  <testcase name="test163" classname="scheduler.randoop.RegressionTest0" time="0.093"/>
  <testcase name="test164" classname="scheduler.randoop.RegressionTest0" time="0.002"/>
  <testcase name="test165" classname="scheduler.randoop.RegressionTest0" time="0.001"/>
  <testcase name="test166" classname="scheduler.randoop.RegressionTest0" time="0.003"/>
  <testcase name="test167" classname="scheduler.randoop.RegressionTest0" time="0.14"/>
  <testcase name="test168" classname="scheduler.randoop.RegressionTest0" time="0.002"/>
  <testcase name="test169" classname="scheduler.randoop.RegressionTest0" time="0.002"/>
  <testcase name="test170" classname="scheduler.randoop.RegressionTest0" time="0.0"/>
  <testcase name="test171" classname="scheduler.randoop.RegressionTest0" time="0.003"/>
  <testcase name="test172" classname="scheduler.randoop.RegressionTest0" time="0.0"/>
  <testcase name="test173" classname="scheduler.randoop.RegressionTest0" time="0.0"/>
  <testcase name="test174" classname="scheduler.randoop.RegressionTest0" time="0.044"/>
  <testcase name="test175" classname="scheduler.randoop.RegressionTest0" time="0.071"/>
  <testcase name="test176" classname="scheduler.randoop.RegressionTest0" time="0.001"/>
  <testcase name="test177" classname="scheduler.randoop.RegressionTest0" time="0.004"/>
  <testcase name="test178" classname="scheduler.randoop.RegressionTest0" time="0.0"/>
  <testcase name="test179" classname="scheduler.randoop.RegressionTest0" time="0.002"/>
  <testcase name="test180" classname="scheduler.randoop.RegressionTest0" time="0.052"/>
  <testcase name="test181" classname="scheduler.randoop.RegressionTest0" time="0.045"/>
  <testcase name="test182" classname="scheduler.randoop.RegressionTest0" time="0.047"/>
  <testcase name="test183" classname="scheduler.randoop.RegressionTest0" time="0.093"/>
  <testcase name="test184" classname="scheduler.randoop.RegressionTest0" time="0.047"/>
  <testcase name="test185" classname="scheduler.randoop.RegressionTest0" time="0.044"/>
  <testcase name="test186" classname="scheduler.randoop.RegressionTest0" time="0.048"/>
  <testcase name="test187" classname="scheduler.randoop.RegressionTest0" time="0.0"/>
  <testcase name="test188" classname="scheduler.randoop.RegressionTest0" time="0.041"/>
  <testcase name="test189" classname="scheduler.randoop.RegressionTest0" time="0.002"/>
  <testcase name="test190" classname="scheduler.randoop.RegressionTest0" time="0.008"/>
  <testcase name="test191" classname="scheduler.randoop.RegressionTest0" time="0.044"/>
  <testcase name="test192" classname="scheduler.randoop.RegressionTest0" time="0.04"/>
  <testcase name="test193" classname="scheduler.randoop.RegressionTest0" time="0.002"/>
  <testcase name="test194" classname="scheduler.randoop.RegressionTest0" time="0.001"/>
  <testcase name="test195" classname="scheduler.randoop.RegressionTest0" time="0.1"/>
  <testcase name="test196" classname="scheduler.randoop.RegressionTest0" time="0.097"/>
  <testcase name="test197" classname="scheduler.randoop.RegressionTest0" time="0.0"/>
  <testcase name="test198" classname="scheduler.randoop.RegressionTest0" time="0.0"/>
  <testcase name="test199" classname="scheduler.randoop.RegressionTest0" time="0.066"/>
  <testcase name="test200" classname="scheduler.randoop.RegressionTest0" time="0.064"/>
  <testcase name="test201" classname="scheduler.randoop.RegressionTest0" time="0.043"/>
  <testcase name="test202" classname="scheduler.randoop.RegressionTest0" time="0.002"/>
  <testcase name="test203" classname="scheduler.randoop.RegressionTest0" time="0.059"/>
  <testcase name="test204" classname="scheduler.randoop.RegressionTest0" time="0.207"/>
  <testcase name="test205" classname="scheduler.randoop.RegressionTest0" time="0.055"/>
  <testcase name="test206" classname="scheduler.randoop.RegressionTest0" time="0.001"/>
  <testcase name="test207" classname="scheduler.randoop.RegressionTest0" time="0.098"/>
  <testcase name="test208" classname="scheduler.randoop.RegressionTest0" time="0.002"/>
  <testcase name="test209" classname="scheduler.randoop.RegressionTest0" time="0.036"/>
  <testcase name="test210" classname="scheduler.randoop.RegressionTest0" time="0.001"/>
  <testcase name="test211" classname="scheduler.randoop.RegressionTest0" time="0.0"/>
  <testcase name="test212" classname="scheduler.randoop.RegressionTest0" time="0.0"/>
  <testcase name="test213" classname="scheduler.randoop.RegressionTest0" time="0.002"/>
  <testcase name="test214" classname="scheduler.randoop.RegressionTest0" time="0.0"/>
  <testcase name="test215" classname="scheduler.randoop.RegressionTest0" time="0.045"/>
  <testcase name="test216" classname="scheduler.randoop.RegressionTest0" time="0.091"/>
  <testcase name="test217" classname="scheduler.randoop.RegressionTest0" time="0.048"/>
  <testcase name="test218" classname="scheduler.randoop.RegressionTest0" time="0.033"/>
  <testcase name="test219" classname="scheduler.randoop.RegressionTest0" time="0.003"/>
  <testcase name="test220" classname="scheduler.randoop.RegressionTest0" time="0.0"/>
  <testcase name="test221" classname="scheduler.randoop.RegressionTest0" time="0.081"/>
  <testcase name="test222" classname="scheduler.randoop.RegressionTest0" time="0.004"/>
  <testcase name="test223" classname="scheduler.randoop.RegressionTest0" time="0.133"/>
  <testcase name="test224" classname="scheduler.randoop.RegressionTest0" time="0.062"/>
  <testcase name="test225" classname="scheduler.randoop.RegressionTest0" time="0.127"/>
  <testcase name="test226" classname="scheduler.randoop.RegressionTest0" time="0.0"/>
  <testcase name="test227" classname="scheduler.randoop.RegressionTest0" time="0.279"/>
  <testcase name="test228" classname="scheduler.randoop.RegressionTest0" time="0.01"/>
  <testcase name="test229" classname="scheduler.randoop.RegressionTest0" time="0.048"/>
  <testcase name="test230" classname="scheduler.randoop.RegressionTest0" time="0.001"/>
  <testcase name="test231" classname="scheduler.randoop.RegressionTest0" time="0.0"/>
  <testcase name="test232" classname="scheduler.randoop.RegressionTest0" time="0.004"/>
  <testcase name="test233" classname="scheduler.randoop.RegressionTest0" time="0.001"/>
  <testcase name="test234" classname="scheduler.randoop.RegressionTest0" time="0.044"/>
  <testcase name="test235" classname="scheduler.randoop.RegressionTest0" time="0.003"/>
  <testcase name="test236" classname="scheduler.randoop.RegressionTest0" time="0.038"/>
  <testcase name="test237" classname="scheduler.randoop.RegressionTest0" time="0.0"/>
  <testcase name="test238" classname="scheduler.randoop.RegressionTest0" time="0.043"/>
  <testcase name="test239" classname="scheduler.randoop.RegressionTest0" time="0.002"/>
  <testcase name="test240" classname="scheduler.randoop.RegressionTest0" time="0.046"/>
  <testcase name="test241" classname="scheduler.randoop.RegressionTest0" time="0.122"/>
  <testcase name="test242" classname="scheduler.randoop.RegressionTest0" time="0.046"/>
  <testcase name="test243" classname="scheduler.randoop.RegressionTest0" time="0.007"/>
  <testcase name="test244" classname="scheduler.randoop.RegressionTest0" time="0.046"/>
  <testcase name="test245" classname="scheduler.randoop.RegressionTest0" time="0.001"/>
  <testcase name="test246" classname="scheduler.randoop.RegressionTest0" time="0.001"/>
  <testcase name="test247" classname="scheduler.randoop.RegressionTest0" time="0.001"/>
  <testcase name="test248" classname="scheduler.randoop.RegressionTest0" time="0.0"/>
  <testcase name="test249" classname="scheduler.randoop.RegressionTest0" time="0.001"/>
  <testcase name="test250" classname="scheduler.randoop.RegressionTest0" time="0.003"/>
  <testcase name="test251" classname="scheduler.randoop.RegressionTest0" time="0.034"/>
  <testcase name="test252" classname="scheduler.randoop.RegressionTest0" time="0.045"/>
  <testcase name="test253" classname="scheduler.randoop.RegressionTest0" time="0.046"/>
  <testcase name="test254" classname="scheduler.randoop.RegressionTest0" time="0.001"/>
  <testcase name="test255" classname="scheduler.randoop.RegressionTest0" time="0.04"/>
  <testcase name="test256" classname="scheduler.randoop.RegressionTest0" time="0.0"/>
  <testcase name="test257" classname="scheduler.randoop.RegressionTest0" time="0.0"/>
  <testcase name="test258" classname="scheduler.randoop.RegressionTest0" time="0.001"/>
  <testcase name="test259" classname="scheduler.randoop.RegressionTest0" time="0.066"/>
  <testcase name="test260" classname="scheduler.randoop.RegressionTest0" time="0.049"/>
  <testcase name="test261" classname="scheduler.randoop.RegressionTest0" time="0.104"/>
  <testcase name="test262" classname="scheduler.randoop.RegressionTest0" time="0.047"/>
  <testcase name="test263" classname="scheduler.randoop.RegressionTest0" time="0.092"/>
  <testcase name="test264" classname="scheduler.randoop.RegressionTest0" time="0.047"/>
  <testcase name="test265" classname="scheduler.randoop.RegressionTest0" time="0.004"/>
  <testcase name="test266" classname="scheduler.randoop.RegressionTest0" time="0.0"/>
  <testcase name="test267" classname="scheduler.randoop.RegressionTest0" time="0.084"/>
  <testcase name="test268" classname="scheduler.randoop.RegressionTest0" time="0.036"/>
  <testcase name="test269" classname="scheduler.randoop.RegressionTest0" time="0.111"/>
  <testcase name="test270" classname="scheduler.randoop.RegressionTest0" time="0.039"/>
  <testcase name="test271" classname="scheduler.randoop.RegressionTest0" time="0.047"/>
  <testcase name="test272" classname="scheduler.randoop.RegressionTest0" time="0.004"/>
  <testcase name="test273" classname="scheduler.randoop.RegressionTest0" time="0.089"/>
  <testcase name="test274" classname="scheduler.randoop.RegressionTest0" time="0.002"/>
  <testcase name="test275" classname="scheduler.randoop.RegressionTest0" time="0.053"/>
  <testcase name="test276" classname="scheduler.randoop.RegressionTest0" time="0.06"/>
  <testcase name="test277" classname="scheduler.randoop.RegressionTest0" time="0.047"/>
  <testcase name="test278" classname="scheduler.randoop.RegressionTest0" time="0.231"/>
  <testcase name="test279" classname="scheduler.randoop.RegressionTest0" time="0.0"/>
  <testcase name="test280" classname="scheduler.randoop.RegressionTest0" time="0.048"/>
  <testcase name="test281" classname="scheduler.randoop.RegressionTest0" time="0.001"/>
  <testcase name="test282" classname="scheduler.randoop.RegressionTest0" time="0.001"/>
  <testcase name="test283" classname="scheduler.randoop.RegressionTest0" time="0.075"/>
  <testcase name="test284" classname="scheduler.randoop.RegressionTest0" time="0.043"/>
  <testcase name="test285" classname="scheduler.randoop.RegressionTest0" time="0.002"/>
  <testcase name="test286" classname="scheduler.randoop.RegressionTest0" time="0.002"/>
  <testcase name="test287" classname="scheduler.randoop.RegressionTest0" time="0.04"/>
  <testcase name="test288" classname="scheduler.randoop.RegressionTest0" time="0.039"/>
  <testcase name="test289" classname="scheduler.randoop.RegressionTest0" time="0.0"/>
  <testcase name="test290" classname="scheduler.randoop.RegressionTest0" time="0.001"/>
  <testcase name="test291" classname="scheduler.randoop.RegressionTest0" time="0.115"/>
  <testcase name="test292" classname="scheduler.randoop.RegressionTest0" time="0.011"/>
  <testcase name="test293" classname="scheduler.randoop.RegressionTest0" time="0.002">
    <system-out><![CDATA[Processing credit billing for: $6.0
]]></system-out>
  </testcase>
  <testcase name="test294" classname="scheduler.randoop.RegressionTest0" time="0.002"/>
  <testcase name="test295" classname="scheduler.randoop.RegressionTest0" time="0.002"/>
  <testcase name="test296" classname="scheduler.randoop.RegressionTest0" time="0.062"/>
  <testcase name="test297" classname="scheduler.randoop.RegressionTest0" time="0.051"/>
  <testcase name="test298" classname="scheduler.randoop.RegressionTest0" time="0.042"/>
  <testcase name="test299" classname="scheduler.randoop.RegressionTest0" time="0.035"/>
  <testcase name="test300" classname="scheduler.randoop.RegressionTest0" time="0.048"/>
  <testcase name="test301" classname="scheduler.randoop.RegressionTest0" time="0.135"/>
  <testcase name="test302" classname="scheduler.randoop.RegressionTest0" time="0.16"/>
  <testcase name="test303" classname="scheduler.randoop.RegressionTest0" time="0.052"/>
  <testcase name="test304" classname="scheduler.randoop.RegressionTest0" time="0.047"/>
  <testcase name="test305" classname="scheduler.randoop.RegressionTest0" time="0.0"/>
  <testcase name="test306" classname="scheduler.randoop.RegressionTest0" time="0.0"/>
  <testcase name="test307" classname="scheduler.randoop.RegressionTest0" time="0.089"/>
  <testcase name="test308" classname="scheduler.randoop.RegressionTest0" time="0.002"/>
  <testcase name="test309" classname="scheduler.randoop.RegressionTest0" time="0.046"/>
  <testcase name="test310" classname="scheduler.randoop.RegressionTest0" time="0.001"/>
  <testcase name="test311" classname="scheduler.randoop.RegressionTest0" time="0.001"/>
  <testcase name="test312" classname="scheduler.randoop.RegressionTest0" time="0.046"/>
  <testcase name="test313" classname="scheduler.randoop.RegressionTest0" time="0.066"/>
  <testcase name="test314" classname="scheduler.randoop.RegressionTest0" time="0.043"/>
  <testcase name="test315" classname="scheduler.randoop.RegressionTest0" time="0.001"/>
  <testcase name="test316" classname="scheduler.randoop.RegressionTest0" time="0.041"/>
  <testcase name="test317" classname="scheduler.randoop.RegressionTest0" time="0.051"/>
  <testcase name="test318" classname="scheduler.randoop.RegressionTest0" time="0.003"/>
  <testcase name="test319" classname="scheduler.randoop.RegressionTest0" time="0.0"/>
  <testcase name="test320" classname="scheduler.randoop.RegressionTest0" time="0.0"/>
  <testcase name="test321" classname="scheduler.randoop.RegressionTest0" time="0.047"/>
  <testcase name="test322" classname="scheduler.randoop.RegressionTest0" time="0.001"/>
  <testcase name="test323" classname="scheduler.randoop.RegressionTest0" time="0.086"/>
  <testcase name="test324" classname="scheduler.randoop.RegressionTest0" time="0.044"/>
  <testcase name="test325" classname="scheduler.randoop.RegressionTest0" time="0.001"/>
  <testcase name="test326" classname="scheduler.randoop.RegressionTest0" time="0.042"/>
  <testcase name="test327" classname="scheduler.randoop.RegressionTest0" time="0.194"/>
  <testcase name="test328" classname="scheduler.randoop.RegressionTest0" time="0.295"/>
  <testcase name="test329" classname="scheduler.randoop.RegressionTest0" time="0.046"/>
  <testcase name="test330" classname="scheduler.randoop.RegressionTest0" time="0.148"/>
  <testcase name="test331" classname="scheduler.randoop.RegressionTest0" time="0.188">
    <system-out><![CDATA[scheduler.gui.MainUI[frame5,268,83,1047x650,invalid,hidden,layout=java.awt.BorderLayout,title=Room Booking System,resizable,normal,defaultCloseOperation=EXIT_ON_CLOSE,rootPane=javax.swing.JRootPane[,7,30,1033x613,layout=javax.swing.JRootPane$RootLayout,alignmentX=0.0,alignmentY=0.0,border=,flags=16777673,maximumSize=,minimumSize=,preferredSize=],rootPaneCheckingEnabled=true]
 javax.swing.JRootPane[,7,30,1033x613,invalid,layout=javax.swing.JRootPane$RootLayout,alignmentX=0.0,alignmentY=0.0,border=,flags=16777673,maximumSize=,minimumSize=,preferredSize=]
  javax.swing.JPanel[null.glassPane,0,0,1033x613,hidden,layout=java.awt.FlowLayout,alignmentX=0.0,alignmentY=0.0,border=,flags=16777217,maximumSize=,minimumSize=,preferredSize=]
  javax.swing.JLayeredPane[null.layeredPane,0,0,1033x613,invalid,alignmentX=0.0,alignmentY=0.0,border=,flags=0,maximumSize=,minimumSize=,preferredSize=,optimizedDrawingPossible=true]
   javax.swing.JPanel[,0,0,1033x613,invalid,layout=java.awt.CardLayout,alignmentX=0.0,alignmentY=0.0,border=,flags=9,maximumSize=,minimumSize=,preferredSize=]
    scheduler.gui.LoginPanel[,0,0,1033x613,layout=java.awt.BorderLayout,alignmentX=0.0,alignmentY=0.0,border=javax.swing.border.EmptyBorder@2c6c302f,flags=9,maximumSize=,minimumSize=,preferredSize=]
     javax.swing.JLabel[,80,40,873x34,alignmentX=0.0,alignmentY=0.0,border=,flags=8388608,maximumSize=,minimumSize=,preferredSize=,defaultIcon=,disabledIcon=,horizontalAlignment=CENTER,horizontalTextPosition=TRAILING,iconTextGap=4,labelFor=,text=Room Booking System,verticalAlignment=CENTER,verticalTextPosition=CENTER]
     javax.swing.JPanel[,80,94,873x479,layout=java.awt.GridBagLayout,alignmentX=0.0,alignmentY=0.0,border=javax.swing.border.TitledBorder@634f58d2,flags=9,maximumSize=,minimumSize=,preferredSize=]
      javax.swing.JLabel[,16,178,48x13,alignmentX=0.0,alignmentY=0.0,border=,flags=8388608,maximumSize=,minimumSize=,preferredSize=,defaultIcon=,disabledIcon=,horizontalAlignment=LEADING,horizontalTextPosition=TRAILING,iconTextGap=4,labelFor=,text=Email:,verticalAlignment=CENTER,verticalTextPosition=CENTER]
      javax.swing.JTextField[,84,175,773x19,layout=javax.swing.plaf.basic.BasicTextUI$UpdateHandler,alignmentX=0.0,alignmentY=0.0,border=com.sun.java.swing.plaf.windows.XPStyle$XPFillBorder@66f16742,flags=296,maximumSize=,minimumSize=,preferredSize=,caretColor=javax.swing.plaf.ColorUIResource[r=0,g=0,b=0],disabledTextColor=javax.swing.plaf.ColorUIResource[r=109,g=109,b=109],editable=true,margin=javax.swing.plaf.InsetsUIResource[top=2,left=2,bottom=2,right=2],selectedTextColor=javax.swing.plaf.ColorUIResource[r=255,g=255,b=255],selectionColor=javax.swing.plaf.ColorUIResource[r=0,g=120,b=215],columns=24,columnWidth=9,command=,horizontalAlignment=LEADING]
      javax.swing.JLabel[,16,217,48x13,alignmentX=0.0,alignmentY=0.0,border=,flags=8388608,maximumSize=,minimumSize=,preferredSize=,defaultIcon=,disabledIcon=,horizontalAlignment=LEADING,horizontalTextPosition=TRAILING,iconTextGap=4,labelFor=,text=Password:,verticalAlignment=CENTER,verticalTextPosition=CENTER]
      javax.swing.JPasswordField[,84,214,773x19,layout=javax.swing.plaf.basic.BasicTextUI$UpdateHandler,alignmentX=0.0,alignmentY=0.0,border=com.sun.java.swing.plaf.windows.XPStyle$XPFillBorder@66f16742,flags=296,maximumSize=,minimumSize=,preferredSize=,caretColor=javax.swing.plaf.ColorUIResource[r=0,g=0,b=0],disabledTextColor=javax.swing.plaf.ColorUIResource[r=109,g=109,b=109],editable=true,margin=javax.swing.plaf.InsetsUIResource[top=2,left=2,bottom=2,right=2],selectedTextColor=javax.swing.plaf.ColorUIResource[r=255,g=255,b=255],selectionColor=javax.swing.plaf.ColorUIResource[r=0,g=120,b=215],columns=24,columnWidth=9,command=,horizontalAlignment=LEADING,echoChar=●]
      javax.swing.JLabel[,16,256,48x13,alignmentX=0.0,alignmentY=0.0,border=,flags=8388608,maximumSize=,minimumSize=,preferredSize=,defaultIcon=,disabledIcon=,horizontalAlignment=LEADING,horizontalTextPosition=TRAILING,iconTextGap=4,labelFor=,text=Role:,verticalAlignment=CENTER,verticalTextPosition=CENTER]
      javax.swing.JComboBox[,84,253,773x19,layout=com.sun.java.swing.plaf.windows.WindowsComboBoxUI$3,alignmentX=0.0,alignmentY=0.0,border=javax.swing.border.EmptyBorder@7c588adc,flags=328,maximumSize=,minimumSize=,preferredSize=,isEditable=false,lightWeightPopupEnabled=true,maximumRowCount=8,selectedItemReminder=Student]
       com.sun.java.swing.plaf.windows.WindowsComboBoxUI$XPComboBoxButton[,756,0,17x19,alignmentX=0.0,alignmentY=0.5,border=,flags=29360416,maximumSize=java.awt.Dimension[width=2147483647,height=2147483647],minimumSize=java.awt.Dimension[width=5,height=5],preferredSize=java.awt.Dimension[width=17,height=21],defaultIcon=,disabledIcon=,disabledSelectedIcon=,margin=javax.swing.plaf.InsetsUIResource[top=2,left=14,bottom=2,right=14],paintBorder=true,paintFocus=true,pressedIcon=,rolloverEnabled=true,rolloverIcon=,rolloverSelectedIcon=,selectedIcon=,text=,defaultCapable=true]
       javax.swing.CellRendererPane[,0,0,0x0,hidden]
      javax.swing.JPanel[,16,292,841x21,layout=java.awt.FlowLayout,alignmentX=0.0,alignmentY=0.0,border=,flags=9,maximumSize=,minimumSize=,preferredSize=]
       javax.swing.JButton[,333,0,57x21,alignmentX=0.0,alignmentY=0.5,border=com.sun.java.swing.plaf.windows.XPStyle$XPEmptyBorder@5fef0c19,flags=296,maximumSize=,minimumSize=,preferredSize=,defaultIcon=,disabledIcon=,disabledSelectedIcon=,margin=javax.swing.plaf.InsetsUIResource[top=2,left=14,bottom=2,right=14],paintBorder=true,paintFocus=true,pressedIcon=,rolloverEnabled=true,rolloverIcon=,rolloverSelectedIcon=,selectedIcon=,text=Login,defaultCapable=true]
       javax.swing.JButton[,405,0,103x21,alignmentX=0.0,alignmentY=0.5,border=com.sun.java.swing.plaf.windows.XPStyle$XPEmptyBorder@5fef0c19,flags=296,maximumSize=,minimumSize=,preferredSize=,defaultIcon=,disabledIcon=,disabledSelectedIcon=,margin=javax.swing.plaf.InsetsUIResource[top=2,left=14,bottom=2,right=14],paintBorder=true,paintFocus=true,pressedIcon=,rolloverEnabled=true,rolloverIcon=,rolloverSelectedIcon=,selectedIcon=,text=Create Account,defaultCapable=true]
    scheduler.gui.RegistrationPanel[,0,0,1033x613,hidden,layout=java.awt.BorderLayout,alignmentX=0.0,alignmentY=0.0,border=javax.swing.border.EmptyBorder@2e6d76ba,flags=9,maximumSize=,minimumSize=,preferredSize=]
     javax.swing.JLabel[,80,30,873x29,alignmentX=0.0,alignmentY=0.0,border=,flags=8388608,maximumSize=,minimumSize=,preferredSize=,defaultIcon=,disabledIcon=,horizontalAlignment=CENTER,horizontalTextPosition=TRAILING,iconTextGap=4,labelFor=,text=Create Account,verticalAlignment=CENTER,verticalTextPosition=CENTER]
     javax.swing.JPanel[,80,59,873x524,layout=java.awt.GridBagLayout,alignmentX=0.0,alignmentY=0.0,border=javax.swing.border.TitledBorder@22a6d75c,flags=9,maximumSize=,minimumSize=,preferredSize=]
      javax.swing.JLabel[,14,154,87x13,alignmentX=0.0,alignmentY=0.0,border=,flags=8388608,maximumSize=,minimumSize=,preferredSize=,defaultIcon=,disabledIcon=,horizontalAlignment=LEADING,horizontalTextPosition=TRAILING,iconTextGap=4,labelFor=,text=User ID:,verticalAlignment=CENTER,verticalTextPosition=CENTER]
      javax.swing.JTextField[,117,151,742x19,layout=javax.swing.plaf.basic.BasicTextUI$UpdateHandler,alignmentX=0.0,alignmentY=0.0,border=com.sun.java.swing.plaf.windows.XPStyle$XPFillBorder@66f16742,flags=296,maximumSize=,minimumSize=,preferredSize=,caretColor=javax.swing.plaf.ColorUIResource[r=0,g=0,b=0],disabledTextColor=javax.swing.plaf.ColorUIResource[r=109,g=109,b=109],editable=true,margin=javax.swing.plaf.InsetsUIResource[top=2,left=2,bottom=2,right=2],selectedTextColor=javax.swing.plaf.ColorUIResource[r=255,g=255,b=255],selectionColor=javax.swing.plaf.ColorUIResource[r=0,g=120,b=215],columns=22,columnWidth=9,command=,horizontalAlignment=LEADING]
      javax.swing.JLabel[,14,189,87x13,alignmentX=0.0,alignmentY=0.0,border=,flags=8388608,maximumSize=,minimumSize=,preferredSize=,defaultIcon=,disabledIcon=,horizontalAlignment=LEADING,horizontalTextPosition=TRAILING,iconTextGap=4,labelFor=,text=Email:,verticalAlignment=CENTER,verticalTextPosition=CENTER]
      javax.swing.JTextField[,117,186,742x19,layout=javax.swing.plaf.basic.BasicTextUI$UpdateHandler,alignmentX=0.0,alignmentY=0.0,border=com.sun.java.swing.plaf.windows.XPStyle$XPFillBorder@66f16742,flags=296,maximumSize=,minimumSize=,preferredSize=,caretColor=javax.swing.plaf.ColorUIResource[r=0,g=0,b=0],disabledTextColor=javax.swing.plaf.ColorUIResource[r=109,g=109,b=109],editable=true,margin=javax.swing.plaf.InsetsUIResource[top=2,left=2,bottom=2,right=2],selectedTextColor=javax.swing.plaf.ColorUIResource[r=255,g=255,b=255],selectionColor=javax.swing.plaf.ColorUIResource[r=0,g=120,b=215],columns=22,columnWidth=9,command=,horizontalAlignment=LEADING]
      javax.swing.JLabel[,14,224,87x13,alignmentX=0.0,alignmentY=0.0,border=,flags=8388608,maximumSize=,minimumSize=,preferredSize=,defaultIcon=,disabledIcon=,horizontalAlignment=LEADING,horizontalTextPosition=TRAILING,iconTextGap=4,labelFor=,text=Organization ID:,verticalAlignment=CENTER,verticalTextPosition=CENTER]
      javax.swing.JTextField[,117,221,742x19,layout=javax.swing.plaf.basic.BasicTextUI$UpdateHandler,alignmentX=0.0,alignmentY=0.0,border=com.sun.java.swing.plaf.windows.XPStyle$XPFillBorder@66f16742,flags=296,maximumSize=,minimumSize=,preferredSize=,caretColor=javax.swing.plaf.ColorUIResource[r=0,g=0,b=0],disabledTextColor=javax.swing.plaf.ColorUIResource[r=109,g=109,b=109],editable=true,margin=javax.swing.plaf.InsetsUIResource[top=2,left=2,bottom=2,right=2],selectedTextColor=javax.swing.plaf.ColorUIResource[r=255,g=255,b=255],selectionColor=javax.swing.plaf.ColorUIResource[r=0,g=120,b=215],columns=22,columnWidth=9,command=,horizontalAlignment=LEADING]
      javax.swing.JLabel[,14,259,87x13,alignmentX=0.0,alignmentY=0.0,border=,flags=8388608,maximumSize=,minimumSize=,preferredSize=,defaultIcon=,disabledIcon=,horizontalAlignment=LEADING,horizontalTextPosition=TRAILING,iconTextGap=4,labelFor=,text=Account Type:,verticalAlignment=CENTER,verticalTextPosition=CENTER]
      javax.swing.JComboBox[,117,256,742x19,layout=com.sun.java.swing.plaf.windows.WindowsComboBoxUI$3,alignmentX=0.0,alignmentY=0.0,border=javax.swing.border.EmptyBorder@5a9840f3,flags=328,maximumSize=,minimumSize=,preferredSize=,isEditable=false,lightWeightPopupEnabled=true,maximumRowCount=8,selectedItemReminder=Student]
       com.sun.java.swing.plaf.windows.WindowsComboBoxUI$XPComboBoxButton[,725,0,17x19,alignmentX=0.0,alignmentY=0.5,border=,flags=29360416,maximumSize=java.awt.Dimension[width=2147483647,height=2147483647],minimumSize=java.awt.Dimension[width=5,height=5],preferredSize=java.awt.Dimension[width=17,height=21],defaultIcon=,disabledIcon=,disabledSelectedIcon=,margin=javax.swing.plaf.InsetsUIResource[top=2,left=14,bottom=2,right=14],paintBorder=true,paintFocus=true,pressedIcon=,rolloverEnabled=true,rolloverIcon=,rolloverSelectedIcon=,selectedIcon=,text=,defaultCapable=true]
       javax.swing.CellRendererPane[,0,0,0x0,hidden]
      javax.swing.JLabel[,14,294,87x13,alignmentX=0.0,alignmentY=0.0,border=,flags=8388608,maximumSize=,minimumSize=,preferredSize=,defaultIcon=,disabledIcon=,horizontalAlignment=LEADING,horizontalTextPosition=TRAILING,iconTextGap=4,labelFor=,text=Password:,verticalAlignment=CENTER,verticalTextPosition=CENTER]
      javax.swing.JPasswordField[,117,291,742x19,layout=javax.swing.plaf.basic.BasicTextUI$UpdateHandler,alignmentX=0.0,alignmentY=0.0,border=com.sun.java.swing.plaf.windows.XPStyle$XPFillBorder@66f16742,flags=296,maximumSize=,minimumSize=,preferredSize=,caretColor=javax.swing.plaf.ColorUIResource[r=0,g=0,b=0],disabledTextColor=javax.swing.plaf.ColorUIResource[r=109,g=109,b=109],editable=true,margin=javax.swing.plaf.InsetsUIResource[top=2,left=2,bottom=2,right=2],selectedTextColor=javax.swing.plaf.ColorUIResource[r=255,g=255,b=255],selectionColor=javax.swing.plaf.ColorUIResource[r=0,g=120,b=215],columns=22,columnWidth=9,command=,horizontalAlignment=LEADING,echoChar=●]
      javax.swing.JLabel[,14,329,87x13,alignmentX=0.0,alignmentY=0.0,border=,flags=8388608,maximumSize=,minimumSize=,preferredSize=,defaultIcon=,disabledIcon=,horizontalAlignment=LEADING,horizontalTextPosition=TRAILING,iconTextGap=4,labelFor=,text=Confirm Password:,verticalAlignment=CENTER,verticalTextPosition=CENTER]
      javax.swing.JPasswordField[,117,326,742x19,layout=javax.swing.plaf.basic.BasicTextUI$UpdateHandler,alignmentX=0.0,alignmentY=0.0,border=com.sun.java.swing.plaf.windows.XPStyle$XPFillBorder@66f16742,flags=296,maximumSize=,minimumSize=,preferredSize=,caretColor=javax.swing.plaf.ColorUIResource[r=0,g=0,b=0],disabledTextColor=javax.swing.plaf.ColorUIResource[r=109,g=109,b=109],editable=true,margin=javax.swing.plaf.InsetsUIResource[top=2,left=2,bottom=2,right=2],selectedTextColor=javax.swing.plaf.ColorUIResource[r=255,g=255,b=255],selectionColor=javax.swing.plaf.ColorUIResource[r=0,g=120,b=215],columns=22,columnWidth=9,command=,horizontalAlignment=LEADING,echoChar=●]
      javax.swing.JPanel[,14,361,845x21,layout=java.awt.FlowLayout,alignmentX=0.0,alignmentY=0.0,border=,flags=9,maximumSize=,minimumSize=,preferredSize=]
       javax.swing.JButton[,353,0,71x21,alignmentX=0.0,alignmentY=0.5,border=com.sun.java.swing.plaf.windows.XPStyle$XPEmptyBorder@5fef0c19,flags=296,maximumSize=,minimumSize=,preferredSize=,defaultIcon=,disabledIcon=,disabledSelectedIcon=,margin=javax.swing.plaf.InsetsUIResource[top=2,left=14,bottom=2,right=14],paintBorder=true,paintFocus=true,pressedIcon=,rolloverEnabled=true,rolloverIcon=,rolloverSelectedIcon=,selectedIcon=,text=Register,defaultCapable=true]
       javax.swing.JButton[,439,0,53x21,alignmentX=0.0,alignmentY=0.5,border=com.sun.java.swing.plaf.windows.XPStyle$XPEmptyBorder@5fef0c19,flags=296,maximumSize=,minimumSize=,preferredSize=,defaultIcon=,disabledIcon=,disabledSelectedIcon=,margin=javax.swing.plaf.InsetsUIResource[top=2,left=14,bottom=2,right=14],paintBorder=true,paintFocus=true,pressedIcon=,rolloverEnabled=true,rolloverIcon=,rolloverSelectedIcon=,selectedIcon=,text=Back,defaultCapable=true]
    scheduler.gui.UserDashboardPanel[,0,0,1033x613,hidden,layout=java.awt.BorderLayout,alignmentX=0.0,alignmentY=0.0,border=javax.swing.border.EmptyBorder@7d30007d,flags=9,maximumSize=,minimumSize=,preferredSize=]
     javax.swing.JLabel[,50,30,933x32,alignmentX=0.0,alignmentY=0.0,border=,flags=8388608,maximumSize=,minimumSize=,preferredSize=,defaultIcon=,disabledIcon=,horizontalAlignment=CENTER,horizontalTextPosition=TRAILING,iconTextGap=4,labelFor=,text=User Dashboard,verticalAlignment=CENTER,verticalTextPosition=CENTER]
     javax.swing.JPanel[,50,82,933x501,layout=java.awt.GridLayout,alignmentX=0.0,alignmentY=0.0,border=,flags=9,maximumSize=,minimumSize=,preferredSize=]
      javax.swing.JButton[,0,0,456x240,alignmentX=0.0,alignmentY=0.5,border=com.sun.java.swing.plaf.windows.XPStyle$XPEmptyBorder@5fef0c19,flags=296,maximumSize=,minimumSize=,preferredSize=,defaultIcon=,disabledIcon=,disabledSelectedIcon=,margin=javax.swing.plaf.InsetsUIResource[top=2,left=14,bottom=2,right=14],paintBorder=true,paintFocus=true,pressedIcon=,rolloverEnabled=true,rolloverIcon=,rolloverSelectedIcon=,selectedIcon=,text=Book a Room,defaultCapable=true]
      javax.swing.JButton[,476,0,456x240,alignmentX=0.0,alignmentY=0.5,border=com.sun.java.swing.plaf.windows.XPStyle$XPEmptyBorder@5fef0c19,flags=296,maximumSize=,minimumSize=,preferredSize=,defaultIcon=,disabledIcon=,disabledSelectedIcon=,margin=javax.swing.plaf.InsetsUIResource[top=2,left=14,bottom=2,right=14],paintBorder=true,paintFocus=true,pressedIcon=,rolloverEnabled=true,rolloverIcon=,rolloverSelectedIcon=,selectedIcon=,text=My Bookings,defaultCapable=true]
      javax.swing.JButton[,0,260,456x240,alignmentX=0.0,alignmentY=0.5,border=com.sun.java.swing.plaf.windows.XPStyle$XPEmptyBorder@5fef0c19,flags=296,maximumSize=,minimumSize=,preferredSize=,defaultIcon=,disabledIcon=,disabledSelectedIcon=,margin=javax.swing.plaf.InsetsUIResource[top=2,left=14,bottom=2,right=14],paintBorder=true,paintFocus=true,pressedIcon=,rolloverEnabled=true,rolloverIcon=,rolloverSelectedIcon=,selectedIcon=,text=Payments,defaultCapable=true]
      javax.swing.JButton[,476,260,456x240,alignmentX=0.0,alignmentY=0.5,border=com.sun.java.swing.plaf.windows.XPStyle$XPEmptyBorder@5fef0c19,flags=296,maximumSize=,minimumSize=,preferredSize=,defaultIcon=,disabledIcon=,disabledSelectedIcon=,margin=javax.swing.plaf.InsetsUIResource[top=2,left=14,bottom=2,right=14],paintBorder=true,paintFocus=true,pressedIcon=,rolloverEnabled=true,rolloverIcon=,rolloverSelectedIcon=,selectedIcon=,text=Logout,defaultCapable=true]
    scheduler.gui.AdminDashboardPanel[,0,0,1033x613,hidden,layout=java.awt.BorderLayout,alignmentX=0.0,alignmentY=0.0,border=javax.swing.border.EmptyBorder@382d71c7,flags=9,maximumSize=,minimumSize=,preferredSize=]
     javax.swing.JLabel[,50,30,933x32,alignmentX=0.0,alignmentY=0.0,border=,flags=8388608,maximumSize=,minimumSize=,preferredSize=,defaultIcon=,disabledIcon=,horizontalAlignment=CENTER,horizontalTextPosition=TRAILING,iconTextGap=4,labelFor=,text=Administrator Dashboard,verticalAlignment=CENTER,verticalTextPosition=CENTER]
     javax.swing.JPanel[,50,82,933x501,layout=java.awt.GridLayout,alignmentX=0.0,alignmentY=0.0,border=,flags=9,maximumSize=,minimumSize=,preferredSize=]
      javax.swing.JButton[,0,0,456x240,alignmentX=0.0,alignmentY=0.5,border=com.sun.java.swing.plaf.windows.XPStyle$XPEmptyBorder@5fef0c19,flags=296,maximumSize=,minimumSize=,preferredSize=,defaultIcon=,disabledIcon=,disabledSelectedIcon=,margin=javax.swing.plaf.InsetsUIResource[top=2,left=14,bottom=2,right=14],paintBorder=true,paintFocus=true,pressedIcon=,rolloverEnabled=true,rolloverIcon=,rolloverSelectedIcon=,selectedIcon=,text=Manage Rooms,defaultCapable=true]
      javax.swing.JButton[,476,0,456x240,alignmentX=0.0,alignmentY=0.5,border=com.sun.java.swing.plaf.windows.XPStyle$XPEmptyBorder@5fef0c19,flags=296,maximumSize=,minimumSize=,preferredSize=,defaultIcon=,disabledIcon=,disabledSelectedIcon=,margin=javax.swing.plaf.InsetsUIResource[top=2,left=14,bottom=2,right=14],paintBorder=true,paintFocus=true,pressedIcon=,rolloverEnabled=true,rolloverIcon=,rolloverSelectedIcon=,selectedIcon=,text=Sensor Status,defaultCapable=true]
      javax.swing.JButton[,0,260,456x240,alignmentX=0.0,alignmentY=0.5,border=com.sun.java.swing.plaf.windows.XPStyle$XPEmptyBorder@5fef0c19,flags=296,maximumSize=,minimumSize=,preferredSize=,defaultIcon=,disabledIcon=,disabledSelectedIcon=,margin=javax.swing.plaf.InsetsUIResource[top=2,left=14,bottom=2,right=14],paintBorder=true,paintFocus=true,pressedIcon=,rolloverEnabled=true,rolloverIcon=,rolloverSelectedIcon=,selectedIcon=,text=View Bookings,defaultCapable=true]
      javax.swing.JButton[,476,260,456x240,alignmentX=0.0,alignmentY=0.5,border=com.sun.java.swing.plaf.windows.XPStyle$XPEmptyBorder@5fef0c19,flags=296,maximumSize=,minimumSize=,preferredSize=,defaultIcon=,disabledIcon=,disabledSelectedIcon=,margin=javax.swing.plaf.InsetsUIResource[top=2,left=14,bottom=2,right=14],paintBorder=true,paintFocus=true,pressedIcon=,rolloverEnabled=true,rolloverIcon=,rolloverSelectedIcon=,selectedIcon=,text=Logout,defaultCapable=true]
    scheduler.gui.ChiefCoordinatorDashboardPanel[,0,0,1033x613,hidden,layout=java.awt.BorderLayout,alignmentX=0.0,alignmentY=0.0,border=javax.swing.border.EmptyBorder@2ca54da9,flags=9,maximumSize=,minimumSize=,preferredSize=]
     javax.swing.JLabel[,50,30,933x32,alignmentX=0.0,alignmentY=0.0,border=,flags=8388608,maximumSize=,minimumSize=,preferredSize=,defaultIcon=,disabledIcon=,horizontalAlignment=CENTER,horizontalTextPosition=TRAILING,iconTextGap=4,labelFor=,text=Chief Event Coordinator Dashboard,verticalAlignment=CENTER,verticalTextPosition=CENTER]
     javax.swing.JPanel[,50,82,933x450,layout=java.awt.GridBagLayout,alignmentX=0.0,alignmentY=0.0,border=javax.swing.border.TitledBorder@34a20f16,flags=9,maximumSize=,minimumSize=,preferredSize=]
      javax.swing.JLabel[,16,183,94x13,alignmentX=0.0,alignmentY=0.0,border=,flags=8388608,maximumSize=,minimumSize=,preferredSize=,defaultIcon=,disabledIcon=,horizontalAlignment=LEADING,horizontalTextPosition=TRAILING,iconTextGap=4,labelFor=,text=Administrator Email:,verticalAlignment=CENTER,verticalTextPosition=CENTER]
      javax.swing.JTextField[,130,180,787x19,layout=javax.swing.plaf.basic.BasicTextUI$UpdateHandler,alignmentX=0.0,alignmentY=0.0,border=com.sun.java.swing.plaf.windows.XPStyle$XPFillBorder@66f16742,flags=296,maximumSize=,minimumSize=,preferredSize=,caretColor=javax.swing.plaf.ColorUIResource[r=0,g=0,b=0],disabledTextColor=javax.swing.plaf.ColorUIResource[r=109,g=109,b=109],editable=true,margin=javax.swing.plaf.InsetsUIResource[top=2,left=2,bottom=2,right=2],selectedTextColor=javax.swing.plaf.ColorUIResource[r=255,g=255,b=255],selectionColor=javax.swing.plaf.ColorUIResource[r=0,g=120,b=215],columns=24,columnWidth=9,command=,horizontalAlignment=LEADING]
      javax.swing.JLabel[,16,222,94x13,alignmentX=0.0,alignmentY=0.0,border=,flags=8388608,maximumSize=,minimumSize=,preferredSize=,defaultIcon=,disabledIcon=,horizontalAlignment=LEADING,horizontalTextPosition=TRAILING,iconTextGap=4,labelFor=,text=Administrator ID:,verticalAlignment=CENTER,verticalTextPosition=CENTER]
      javax.swing.JTextField[,130,219,787x19,layout=javax.swing.plaf.basic.BasicTextUI$UpdateHandler,alignmentX=0.0,alignmentY=0.0,border=com.sun.java.swing.plaf.windows.XPStyle$XPFillBorder@66f16742,flags=296,maximumSize=,minimumSize=,preferredSize=,caretColor=javax.swing.plaf.ColorUIResource[r=0,g=0,b=0],disabledTextColor=javax.swing.plaf.ColorUIResource[r=109,g=109,b=109],editable=true,margin=javax.swing.plaf.InsetsUIResource[top=2,left=2,bottom=2,right=2],selectedTextColor=javax.swing.plaf.ColorUIResource[r=255,g=255,b=255],selectionColor=javax.swing.plaf.ColorUIResource[r=0,g=120,b=215],columns=24,columnWidth=9,command=,horizontalAlignment=LEADING]
      javax.swing.JButton[,16,258,901x21,alignmentX=0.0,alignmentY=0.5,border=com.sun.java.swing.plaf.windows.XPStyle$XPEmptyBorder@5fef0c19,flags=296,maximumSize=,minimumSize=,preferredSize=,defaultIcon=,disabledIcon=,disabledSelectedIcon=,margin=javax.swing.plaf.InsetsUIResource[top=2,left=14,bottom=2,right=14],paintBorder=true,paintFocus=true,pressedIcon=,rolloverEnabled=true,rolloverIcon=,rolloverSelectedIcon=,selectedIcon=,text=Generate Administrator,defaultCapable=true]
     javax.swing.JPanel[,50,552,933x31,layout=java.awt.FlowLayout,alignmentX=0.0,alignmentY=0.0,border=,flags=9,maximumSize=,minimumSize=,preferredSize=]
      javax.swing.JButton[,435,5,63x21,alignmentX=0.0,alignmentY=0.5,border=com.sun.java.swing.plaf.windows.XPStyle$XPEmptyBorder@5fef0c19,flags=296,maximumSize=,minimumSize=,preferredSize=,defaultIcon=,disabledIcon=,disabledSelectedIcon=,margin=javax.swing.plaf.InsetsUIResource[top=2,left=14,bottom=2,right=14],paintBorder=true,paintFocus=true,pressedIcon=,rolloverEnabled=true,rolloverIcon=,rolloverSelectedIcon=,selectedIcon=,text=Logout,defaultCapable=true]
    scheduler.gui.RoomManagementPanel[,0,0,1033x613,invalid,hidden,layout=java.awt.BorderLayout,alignmentX=0.0,alignmentY=0.0,border=javax.swing.border.EmptyBorder@496cc217,flags=9,maximumSize=,minimumSize=,preferredSize=]
     javax.swing.JLabel[,20,20,993x29,alignmentX=0.0,alignmentY=0.0,border=,flags=8388608,maximumSize=,minimumSize=,preferredSize=,defaultIcon=,disabledIcon=,horizontalAlignment=CENTER,horizontalTextPosition=TRAILING,iconTextGap=4,labelFor=,text=Room Management,verticalAlignment=CENTER,verticalTextPosition=CENTER]
     javax.swing.JScrollPane[,20,64,993x483,invalid,layout=javax.swing.ScrollPaneLayout$UIResource,alignmentX=0.0,alignmentY=0.0,border=com.sun.java.swing.plaf.windows.XPStyle$XPFillBorder@6a567f7b,flags=328,maximumSize=,minimumSize=,preferredSize=,columnHeader=javax.swing.JViewport[,1,1,991x24,invalid,layout=javax.swing.ViewportLayout,alignmentX=0.0,alignmentY=0.0,border=,flags=8388616,maximumSize=,minimumSize=,preferredSize=,isViewSizeSet=true,lastPaintPosition=,scrollUnderway=false],horizontalScrollBar=javax.swing.JScrollPane$ScrollBar[,0,0,0x0,hidden,layout=com.sun.java.swing.plaf.windows.WindowsScrollBarUI,alignmentX=0.0,alignmentY=0.0,border=,flags=4194632,maximumSize=,minimumSize=,preferredSize=,blockIncrement=10,orientation=HORIZONTAL,unitIncrement=1],horizontalScrollBarPolicy=HORIZONTAL_SCROLLBAR_AS_NEEDED,lowerLeft=,lowerRight=,rowHeader=,upperLeft=,upperRight=,verticalScrollBar=javax.swing.JScrollPane$ScrollBar[,0,0,0x0,hidden,layout=com.sun.java.swing.plaf.windows.WindowsScrollBarUI,alignmentX=0.0,alignmentY=0.0,border=,flags=4194632,maximumSize=,minimumSize=,preferredSize=,blockIncrement=10,orientation=VERTICAL,unitIncrement=1],verticalScrollBarPolicy=VERTICAL_SCROLLBAR_AS_NEEDED,viewport=javax.swing.JViewport[,1,25,991x457,invalid,layout=javax.swing.ViewportLayout,alignmentX=0.0,alignmentY=0.0,border=,flags=8388616,maximumSize=,minimumSize=,preferredSize=,isViewSizeSet=true,lastPaintPosition=,scrollUnderway=false],viewportBorder=]
      javax.swing.JViewport[,1,25,991x457,invalid,layout=javax.swing.ViewportLayout,alignmentX=0.0,alignmentY=0.0,border=,flags=8388616,maximumSize=,minimumSize=,preferredSize=,isViewSizeSet=true,lastPaintPosition=,scrollUnderway=false]
       javax.swing.JTable[,0,0,991x457,invalid,alignmentX=0.0,alignmentY=0.0,border=,flags=234881352,maximumSize=,minimumSize=,preferredSize=,autoCreateColumnsFromModel=true,autoResizeMode=AUTO_RESIZE_SUBSEQUENT_COLUMNS,cellSelectionEnabled=false,editingColumn=-1,editingRow=-1,gridColor=javax.swing.plaf.ColorUIResource[r=128,g=128,b=128],preferredViewportSize=java.awt.Dimension[width=450,height=400],rowHeight=16,rowMargin=1,rowSelectionAllowed=true,selectionBackground=javax.swing.plaf.ColorUIResource[r=0,g=120,b=215],selectionForeground=javax.swing.plaf.ColorUIResource[r=255,g=255,b=255],showHorizontalLines=true,showVerticalLines=true]
        javax.swing.CellRendererPane[,0,0,0x0,hidden]
      javax.swing.JScrollPane$ScrollBar[,0,0,0x0,hidden,layout=com.sun.java.swing.plaf.windows.WindowsScrollBarUI,alignmentX=0.0,alignmentY=0.0,border=,flags=4194632,maximumSize=,minimumSize=,preferredSize=,blockIncrement=10,orientation=VERTICAL,unitIncrement=1]
       com.sun.java.swing.plaf.windows.WindowsScrollBarUI$WindowsArrowButton[,0,0,0x0,alignmentX=0.0,alignmentY=0.5,border=com.sun.java.swing.plaf.windows.XPStyle$XPEmptyBorder@5fef0c19,flags=4194600,maximumSize=,minimumSize=,preferredSize=,defaultIcon=,disabledIcon=,disabledSelectedIcon=,margin=javax.swing.plaf.InsetsUIResource[top=2,left=14,bottom=2,right=14],paintBorder=true,paintFocus=true,pressedIcon=,rolloverEnabled=true,rolloverIcon=,rolloverSelectedIcon=,selectedIcon=,text=,defaultCapable=true]
       com.sun.java.swing.plaf.windows.WindowsScrollBarUI$WindowsArrowButton[,0,0,0x0,alignmentX=0.0,alignmentY=0.5,border=com.sun.java.swing.plaf.windows.XPStyle$XPEmptyBorder@5fef0c19,flags=4194600,maximumSize=,minimumSize=,preferredSize=,defaultIcon=,disabledIcon=,disabledSelectedIcon=,margin=javax.swing.plaf.InsetsUIResource[top=2,left=14,bottom=2,right=14],paintBorder=true,paintFocus=true,pressedIcon=,rolloverEnabled=true,rolloverIcon=,rolloverSelectedIcon=,selectedIcon=,text=,defaultCapable=true]
      javax.swing.JScrollPane$ScrollBar[,0,0,0x0,hidden,layout=com.sun.java.swing.plaf.windows.WindowsScrollBarUI,alignmentX=0.0,alignmentY=0.0,border=,flags=4194632,maximumSize=,minimumSize=,preferredSize=,blockIncrement=10,orientation=HORIZONTAL,unitIncrement=1]
       com.sun.java.swing.plaf.windows.WindowsScrollBarUI$WindowsArrowButton[,0,0,0x0,alignmentX=0.0,alignmentY=0.5,border=com.sun.java.swing.plaf.windows.XPStyle$XPEmptyBorder@5fef0c19,flags=4194600,maximumSize=,minimumSize=,preferredSize=,defaultIcon=,disabledIcon=,disabledSelectedIcon=,margin=javax.swing.plaf.InsetsUIResource[top=2,left=14,bottom=2,right=14],paintBorder=true,paintFocus=true,pressedIcon=,rolloverEnabled=true,rolloverIcon=,rolloverSelectedIcon=,selectedIcon=,text=,defaultCapable=true]
       com.sun.java.swing.plaf.windows.WindowsScrollBarUI$WindowsArrowButton[,0,0,0x0,alignmentX=0.0,alignmentY=0.5,border=com.sun.java.swing.plaf.windows.XPStyle$XPEmptyBorder@5fef0c19,flags=4194600,maximumSize=,minimumSize=,preferredSize=,defaultIcon=,disabledIcon=,disabledSelectedIcon=,margin=javax.swing.plaf.InsetsUIResource[top=2,left=14,bottom=2,right=14],paintBorder=true,paintFocus=true,pressedIcon=,rolloverEnabled=true,rolloverIcon=,rolloverSelectedIcon=,selectedIcon=,text=,defaultCapable=true]
      javax.swing.JViewport[,1,1,991x24,invalid,layout=javax.swing.ViewportLayout,alignmentX=0.0,alignmentY=0.0,border=,flags=8388616,maximumSize=,minimumSize=,preferredSize=,isViewSizeSet=true,lastPaintPosition=,scrollUnderway=false]
       javax.swing.table.JTableHeader[,0,0,991x24,invalid,alignmentX=0.0,alignmentY=0.0,border=,flags=16777544,maximumSize=,minimumSize=,preferredSize=,draggedDistance=0,reorderingAllowed=true,resizingAllowed=true,updateTableInRealTime=true]
        javax.swing.CellRendererPane[,0,0,0x0,hidden]
     javax.swing.JPanel[,20,562,993x31,layout=java.awt.FlowLayout,alignmentX=0.0,alignmentY=0.0,border=,flags=9,maximumSize=,minimumSize=,preferredSize=]
      javax.swing.JLabel[,10,9,14x13,alignmentX=0.0,alignmentY=0.0,border=,flags=8388608,maximumSize=,minimumSize=,preferredSize=,defaultIcon=,disabledIcon=,horizontalAlignment=LEADING,horizontalTextPosition=TRAILING,iconTextGap=4,labelFor=,text=ID:,verticalAlignment=CENTER,verticalTextPosition=CENTER]
      javax.swing.JTextField[,34,6,69x19,layout=javax.swing.plaf.basic.BasicTextUI$UpdateHandler,alignmentX=0.0,alignmentY=0.0,border=com.sun.java.swing.plaf.windows.XPStyle$XPFillBorder@66f16742,flags=296,maximumSize=,minimumSize=,preferredSize=,caretColor=javax.swing.plaf.ColorUIResource[r=0,g=0,b=0],disabledTextColor=javax.swing.plaf.ColorUIResource[r=109,g=109,b=109],editable=true,margin=javax.swing.plaf.InsetsUIResource[top=2,left=2,bottom=2,right=2],selectedTextColor=javax.swing.plaf.ColorUIResource[r=255,g=255,b=255],selectionColor=javax.swing.plaf.ColorUIResource[r=0,g=120,b=215],columns=7,columnWidth=9,command=,horizontalAlignment=LEADING]
      javax.swing.JLabel[,113,9,42x13,alignmentX=0.0,alignmentY=0.0,border=,flags=8388608,maximumSize=,minimumSize=,preferredSize=,defaultIcon=,disabledIcon=,horizontalAlignment=LEADING,horizontalTextPosition=TRAILING,iconTextGap=4,labelFor=,text=Capacity:,verticalAlignment=CENTER,verticalTextPosition=CENTER]
      javax.swing.JTextField[,165,6,51x19,layout=javax.swing.plaf.basic.BasicTextUI$UpdateHandler,alignmentX=0.0,alignmentY=0.0,border=com.sun.java.swing.plaf.windows.XPStyle$XPFillBorder@66f16742,flags=296,maximumSize=,minimumSize=,preferredSize=,caretColor=javax.swing.plaf.ColorUIResource[r=0,g=0,b=0],disabledTextColor=javax.swing.plaf.ColorUIResource[r=109,g=109,b=109],editable=true,margin=javax.swing.plaf.InsetsUIResource[top=2,left=2,bottom=2,right=2],selectedTextColor=javax.swing.plaf.ColorUIResource[r=255,g=255,b=255],selectionColor=javax.swing.plaf.ColorUIResource[r=0,g=120,b=215],columns=5,columnWidth=9,command=,horizontalAlignment=LEADING]
      javax.swing.JLabel[,226,9,39x13,alignmentX=0.0,alignmentY=0.0,border=,flags=8388608,maximumSize=,minimumSize=,preferredSize=,defaultIcon=,disabledIcon=,horizontalAlignment=LEADING,horizontalTextPosition=TRAILING,iconTextGap=4,labelFor=,text=Building:,verticalAlignment=CENTER,verticalTextPosition=CENTER]
      javax.swing.JTextField[,275,6,96x19,layout=javax.swing.plaf.basic.BasicTextUI$UpdateHandler,alignmentX=0.0,alignmentY=0.0,border=com.sun.java.swing.plaf.windows.XPStyle$XPFillBorder@66f16742,flags=296,maximumSize=,minimumSize=,preferredSize=,caretColor=javax.swing.plaf.ColorUIResource[r=0,g=0,b=0],disabledTextColor=javax.swing.plaf.ColorUIResource[r=109,g=109,b=109],editable=true,margin=javax.swing.plaf.InsetsUIResource[top=2,left=2,bottom=2,right=2],selectedTextColor=javax.swing.plaf.ColorUIResource[r=255,g=255,b=255],selectionColor=javax.swing.plaf.ColorUIResource[r=0,g=120,b=215],columns=10,columnWidth=9,command=,horizontalAlignment=LEADING]
      javax.swing.JLabel[,381,9,30x13,alignmentX=0.0,alignmentY=0.0,border=,flags=8388608,maximumSize=,minimumSize=,preferredSize=,defaultIcon=,disabledIcon=,horizontalAlignment=LEADING,horizontalTextPosition=TRAILING,iconTextGap=4,labelFor=,text=Room:,verticalAlignment=CENTER,verticalTextPosition=CENTER]
      javax.swing.JTextField[,421,6,60x19,layout=javax.swing.plaf.basic.BasicTextUI$UpdateHandler,alignmentX=0.0,alignmentY=0.0,border=com.sun.java.swing.plaf.windows.XPStyle$XPFillBorder@66f16742,flags=296,maximumSize=,minimumSize=,preferredSize=,caretColor=javax.swing.plaf.ColorUIResource[r=0,g=0,b=0],disabledTextColor=javax.swing.plaf.ColorUIResource[r=109,g=109,b=109],editable=true,margin=javax.swing.plaf.InsetsUIResource[top=2,left=2,bottom=2,right=2],selectedTextColor=javax.swing.plaf.ColorUIResource[r=255,g=255,b=255],selectionColor=javax.swing.plaf.ColorUIResource[r=0,g=120,b=215],columns=6,columnWidth=9,command=,horizontalAlignment=LEADING]
      javax.swing.JComboBox[,491,6,83x19,layout=com.sun.java.swing.plaf.windows.WindowsComboBoxUI$3,alignmentX=0.0,alignmentY=0.0,border=javax.swing.border.EmptyBorder@2dc39b53,flags=328,maximumSize=,minimumSize=,preferredSize=,isEditable=false,lightWeightPopupEnabled=true,maximumRowCount=8,selectedItemReminder=Available]
       com.sun.java.swing.plaf.windows.WindowsComboBoxUI$XPComboBoxButton[,66,0,17x19,alignmentX=0.0,alignmentY=0.5,border=,flags=29360416,maximumSize=java.awt.Dimension[width=2147483647,height=2147483647],minimumSize=java.awt.Dimension[width=5,height=5],preferredSize=java.awt.Dimension[width=17,height=21],defaultIcon=,disabledIcon=,disabledSelectedIcon=,margin=javax.swing.plaf.InsetsUIResource[top=2,left=14,bottom=2,right=14],paintBorder=true,paintFocus=true,pressedIcon=,rolloverEnabled=true,rolloverIcon=,rolloverSelectedIcon=,selectedIcon=,text=,defaultCapable=true]
       javax.swing.CellRendererPane[,0,0,0x0,hidden]
      javax.swing.JButton[,584,5,79x21,alignmentX=0.0,alignmentY=0.5,border=com.sun.java.swing.plaf.windows.XPStyle$XPEmptyBorder@5fef0c19,flags=296,maximumSize=,minimumSize=,preferredSize=,defaultIcon=,disabledIcon=,disabledSelectedIcon=,margin=javax.swing.plaf.InsetsUIResource[top=2,left=14,bottom=2,right=14],paintBorder=true,paintFocus=true,pressedIcon=,rolloverEnabled=true,rolloverIcon=,rolloverSelectedIcon=,selectedIcon=,text=Add Room,defaultCapable=true]
      javax.swing.JButton[,673,5,91x21,alignmentX=0.0,alignmentY=0.5,border=com.sun.java.swing.plaf.windows.XPStyle$XPEmptyBorder@5fef0c19,flags=296,maximumSize=,minimumSize=,preferredSize=,defaultIcon=,disabledIcon=,disabledSelectedIcon=,margin=javax.swing.plaf.InsetsUIResource[top=2,left=14,bottom=2,right=14],paintBorder=true,paintFocus=true,pressedIcon=,rolloverEnabled=true,rolloverIcon=,rolloverSelectedIcon=,selectedIcon=,text=Update State,defaultCapable=true]
      javax.swing.JButton[,774,5,69x21,alignmentX=0.0,alignmentY=0.5,border=com.sun.java.swing.plaf.windows.XPStyle$XPEmptyBorder@5fef0c19,flags=296,maximumSize=,minimumSize=,preferredSize=,defaultIcon=,disabledIcon=,disabledSelectedIcon=,margin=javax.swing.plaf.InsetsUIResource[top=2,left=14,bottom=2,right=14],paintBorder=true,paintFocus=true,pressedIcon=,rolloverEnabled=true,rolloverIcon=,rolloverSelectedIcon=,selectedIcon=,text=Remove,defaultCapable=true]
      javax.swing.JButton[,853,5,67x21,alignmentX=0.0,alignmentY=0.5,border=com.sun.java.swing.plaf.windows.XPStyle$XPEmptyBorder@5fef0c19,flags=296,maximumSize=,minimumSize=,preferredSize=,defaultIcon=,disabledIcon=,disabledSelectedIcon=,margin=javax.swing.plaf.InsetsUIResource[top=2,left=14,bottom=2,right=14],paintBorder=true,paintFocus=true,pressedIcon=,rolloverEnabled=true,rolloverIcon=,rolloverSelectedIcon=,selectedIcon=,text=Refresh,defaultCapable=true]
      javax.swing.JButton[,930,5,53x21,alignmentX=0.0,alignmentY=0.5,border=com.sun.java.swing.plaf.windows.XPStyle$XPEmptyBorder@5fef0c19,flags=296,maximumSize=,minimumSize=,preferredSize=,defaultIcon=,disabledIcon=,disabledSelectedIcon=,margin=javax.swing.plaf.InsetsUIResource[top=2,left=14,bottom=2,right=14],paintBorder=true,paintFocus=true,pressedIcon=,rolloverEnabled=true,rolloverIcon=,rolloverSelectedIcon=,selectedIcon=,text=Back,defaultCapable=true]
    scheduler.gui.RoomBookingPanel[,0,0,1033x613,hidden,layout=java.awt.BorderLayout,alignmentX=0.0,alignmentY=0.0,border=javax.swing.border.EmptyBorder@45037e16,flags=9,maximumSize=,minimumSize=,preferredSize=]
     javax.swing.JLabel[,80,30,873x29,alignmentX=0.0,alignmentY=0.0,border=,flags=8388608,maximumSize=,minimumSize=,preferredSize=,defaultIcon=,disabledIcon=,horizontalAlignment=CENTER,horizontalTextPosition=TRAILING,iconTextGap=4,labelFor=,text=Book a Room,verticalAlignment=CENTER,verticalTextPosition=CENTER]
     javax.swing.JPanel[,80,59,873x524,layout=java.awt.GridBagLayout,alignmentX=0.0,alignmentY=0.0,border=javax.swing.border.TitledBorder@2f2e4bde,flags=9,maximumSize=,minimumSize=,preferredSize=]
      javax.swing.JLabel[,14,188,98x13,alignmentX=0.0,alignmentY=0.0,border=,flags=8388608,maximumSize=,minimumSize=,preferredSize=,defaultIcon=,disabledIcon=,horizontalAlignment=LEADING,horizontalTextPosition=TRAILING,iconTextGap=4,labelFor=,text=Room:,verticalAlignment=CENTER,verticalTextPosition=CENTER]
      javax.swing.JComboBox[,128,185,731x19,layout=com.sun.java.swing.plaf.windows.WindowsComboBoxUI$3,alignmentX=0.0,alignmentY=0.0,border=javax.swing.border.EmptyBorder@6222391a,flags=328,maximumSize=,minimumSize=,preferredSize=,isEditable=false,lightWeightPopupEnabled=true,maximumRowCount=8,selectedItemReminder=R002]
       com.sun.java.swing.plaf.windows.WindowsComboBoxUI$XPComboBoxButton[,714,0,17x19,alignmentX=0.0,alignmentY=0.5,border=,flags=29360416,maximumSize=java.awt.Dimension[width=2147483647,height=2147483647],minimumSize=java.awt.Dimension[width=5,height=5],preferredSize=java.awt.Dimension[width=17,height=21],defaultIcon=,disabledIcon=,disabledSelectedIcon=,margin=javax.swing.plaf.InsetsUIResource[top=2,left=14,bottom=2,right=14],paintBorder=true,paintFocus=true,pressedIcon=,rolloverEnabled=true,rolloverIcon=,rolloverSelectedIcon=,selectedIcon=,text=,defaultCapable=true]
       javax.swing.CellRendererPane[,0,0,0x0,hidden]
      javax.swing.JLabel[,14,223,98x13,alignmentX=0.0,alignmentY=0.0,border=,flags=8388608,maximumSize=,minimumSize=,preferredSize=,defaultIcon=,disabledIcon=,horizontalAlignment=LEADING,horizontalTextPosition=TRAILING,iconTextGap=4,labelFor=,text=Date (yyyy-MM-dd):,verticalAlignment=CENTER,verticalTextPosition=CENTER]
      javax.swing.JTextField[,128,220,731x19,layout=javax.swing.plaf.basic.BasicTextUI$UpdateHandler,alignmentX=0.0,alignmentY=0.0,border=com.sun.java.swing.plaf.windows.XPStyle$XPFillBorder@66f16742,flags=296,maximumSize=,minimumSize=,preferredSize=,caretColor=javax.swing.plaf.ColorUIResource[r=0,g=0,b=0],disabledTextColor=javax.swing.plaf.ColorUIResource[r=109,g=109,b=109],editable=true,margin=javax.swing.plaf.InsetsUIResource[top=2,left=2,bottom=2,right=2],selectedTextColor=javax.swing.plaf.ColorUIResource[r=255,g=255,b=255],selectionColor=javax.swing.plaf.ColorUIResource[r=0,g=120,b=215],columns=15,columnWidth=9,command=,horizontalAlignment=LEADING]
      javax.swing.JLabel[,14,258,98x13,alignmentX=0.0,alignmentY=0.0,border=,flags=8388608,maximumSize=,minimumSize=,preferredSize=,defaultIcon=,disabledIcon=,horizontalAlignment=LEADING,horizontalTextPosition=TRAILING,iconTextGap=4,labelFor=,text=Start Time (HH:mm):,verticalAlignment=CENTER,verticalTextPosition=CENTER]
      javax.swing.JTextField[,128,255,731x19,layout=javax.swing.plaf.basic.BasicTextUI$UpdateHandler,alignmentX=0.0,alignmentY=0.0,border=com.sun.java.swing.plaf.windows.XPStyle$XPFillBorder@66f16742,flags=296,maximumSize=,minimumSize=,preferredSize=,caretColor=javax.swing.plaf.ColorUIResource[r=0,g=0,b=0],disabledTextColor=javax.swing.plaf.ColorUIResource[r=109,g=109,b=109],editable=true,margin=javax.swing.plaf.InsetsUIResource[top=2,left=2,bottom=2,right=2],selectedTextColor=javax.swing.plaf.ColorUIResource[r=255,g=255,b=255],selectionColor=javax.swing.plaf.ColorUIResource[r=0,g=120,b=215],columns=15,columnWidth=9,command=,horizontalAlignment=LEADING]
      javax.swing.JLabel[,14,293,98x13,alignmentX=0.0,alignmentY=0.0,border=,flags=8388608,maximumSize=,minimumSize=,preferredSize=,defaultIcon=,disabledIcon=,horizontalAlignment=LEADING,horizontalTextPosition=TRAILING,iconTextGap=4,labelFor=,text=Hours:,verticalAlignment=CENTER,verticalTextPosition=CENTER]
      javax.swing.JSpinner[,128,290,731x20,layout=javax.swing.plaf.basic.BasicSpinnerUI$Handler,alignmentX=0.0,alignmentY=0.0,border=javax.swing.plaf.BorderUIResource$CompoundBorderUIResource@538a2f0e,flags=328,maximumSize=,minimumSize=,preferredSize=]
       com.sun.java.swing.plaf.windows.XPStyle$GlyphButton[,713,1,17x9,alignmentX=0.0,alignmentY=0.5,border=,flags=20971808,maximumSize=java.awt.Dimension[width=2147483647,height=2147483647],minimumSize=java.awt.Dimension[width=5,height=5],preferredSize=java.awt.Dimension[width=17,height=9],defaultIcon=,disabledIcon=,disabledSelectedIcon=,margin=javax.swing.plaf.InsetsUIResource[top=2,left=14,bottom=2,right=14],paintBorder=true,paintFocus=true,pressedIcon=,rolloverEnabled=true,rolloverIcon=,rolloverSelectedIcon=,selectedIcon=,text=,defaultCapable=true]
       com.sun.java.swing.plaf.windows.XPStyle$GlyphButton[,713,10,17x9,alignmentX=0.0,alignmentY=0.5,border=,flags=20971808,maximumSize=java.awt.Dimension[width=2147483647,height=2147483647],minimumSize=java.awt.Dimension[width=5,height=5],preferredSize=java.awt.Dimension[width=17,height=9],defaultIcon=,disabledIcon=,disabledSelectedIcon=,margin=javax.swing.plaf.InsetsUIResource[top=2,left=14,bottom=2,right=14],paintBorder=true,paintFocus=true,pressedIcon=,rolloverEnabled=true,rolloverIcon=,rolloverSelectedIcon=,selectedIcon=,text=,defaultCapable=true]
       javax.swing.JSpinner$NumberEditor[,3,3,710x14,layout=javax.swing.JSpinner$NumberEditor,alignmentX=0.0,alignmentY=0.0,border=,flags=8388617,maximumSize=,minimumSize=,preferredSize=]
        javax.swing.JFormattedTextField[Spinner.formattedTextField,0,0,710x14,layout=javax.swing.plaf.basic.BasicTextUI$UpdateHandler,alignmentX=0.0,alignmentY=0.0,border=,flags=8388904,maximumSize=,minimumSize=,preferredSize=,caretColor=javax.swing.plaf.ColorUIResource[r=0,g=0,b=0],disabledTextColor=javax.swing.plaf.ColorUIResource[r=109,g=109,b=109],editable=true,margin=javax.swing.plaf.InsetsUIResource[top=2,left=2,bottom=2,right=2],selectedTextColor=javax.swing.plaf.ColorUIResource[r=255,g=255,b=255],selectionColor=javax.swing.plaf.ColorUIResource[r=0,g=120,b=215],columns=2,columnWidth=9,command=,horizontalAlignment=TRAILING]
      javax.swing.JPanel[,14,326,845x21,layout=java.awt.FlowLayout,alignmentX=0.0,alignmentY=0.0,border=,flags=9,maximumSize=,minimumSize=,preferredSize=]
       javax.swing.JButton[,266,0,127x21,alignmentX=0.0,alignmentY=0.5,border=com.sun.java.swing.plaf.windows.XPStyle$XPEmptyBorder@5fef0c19,flags=296,maximumSize=,minimumSize=,preferredSize=,defaultIcon=,disabledIcon=,disabledSelectedIcon=,margin=javax.swing.plaf.InsetsUIResource[top=2,left=14,bottom=2,right=14],paintBorder=true,paintFocus=true,pressedIcon=,rolloverEnabled=true,rolloverIcon=,rolloverSelectedIcon=,selectedIcon=,text=Continue to Payment,defaultCapable=true]
       javax.swing.JButton[,408,0,103x21,alignmentX=0.0,alignmentY=0.5,border=com.sun.java.swing.plaf.windows.XPStyle$XPEmptyBorder@5fef0c19,flags=296,maximumSize=,minimumSize=,preferredSize=,defaultIcon=,disabledIcon=,disabledSelectedIcon=,margin=javax.swing.plaf.InsetsUIResource[top=2,left=14,bottom=2,right=14],paintBorder=true,paintFocus=true,pressedIcon=,rolloverEnabled=true,rolloverIcon=,rolloverSelectedIcon=,selectedIcon=,text=Refresh Rooms,defaultCapable=true]
       javax.swing.JButton[,526,0,53x21,alignmentX=0.0,alignmentY=0.5,border=com.sun.java.swing.plaf.windows.XPStyle$XPEmptyBorder@5fef0c19,flags=296,maximumSize=,minimumSize=,preferredSize=,defaultIcon=,disabledIcon=,disabledSelectedIcon=,margin=javax.swing.plaf.InsetsUIResource[top=2,left=14,bottom=2,right=14],paintBorder=true,paintFocus=true,pressedIcon=,rolloverEnabled=true,rolloverIcon=,rolloverSelectedIcon=,selectedIcon=,text=Back,defaultCapable=true]
    scheduler.gui.MyBookingsPanel[,0,0,1033x613,invalid,hidden,layout=java.awt.BorderLayout,alignmentX=0.0,alignmentY=0.0,border=javax.swing.border.EmptyBorder@d2708a7,flags=9,maximumSize=,minimumSize=,preferredSize=]
     javax.swing.JLabel[,20,20,993x29,alignmentX=0.0,alignmentY=0.0,border=,flags=8388608,maximumSize=,minimumSize=,preferredSize=,defaultIcon=,disabledIcon=,horizontalAlignment=CENTER,horizontalTextPosition=TRAILING,iconTextGap=4,labelFor=,text=Bookings,verticalAlignment=CENTER,verticalTextPosition=CENTER]
     javax.swing.JScrollPane[,20,64,993x483,invalid,layout=javax.swing.ScrollPaneLayout$UIResource,alignmentX=0.0,alignmentY=0.0,border=com.sun.java.swing.plaf.windows.XPStyle$XPFillBorder@6a567f7b,flags=328,maximumSize=,minimumSize=,preferredSize=,columnHeader=javax.swing.JViewport[,1,1,991x24,invalid,layout=javax.swing.ViewportLayout,alignmentX=0.0,alignmentY=0.0,border=,flags=8388616,maximumSize=,minimumSize=,preferredSize=,isViewSizeSet=true,lastPaintPosition=,scrollUnderway=false],horizontalScrollBar=javax.swing.JScrollPane$ScrollBar[,0,0,0x0,hidden,layout=com.sun.java.swing.plaf.windows.WindowsScrollBarUI,alignmentX=0.0,alignmentY=0.0,border=,flags=4194632,maximumSize=,minimumSize=,preferredSize=,blockIncrement=10,orientation=HORIZONTAL,unitIncrement=1],horizontalScrollBarPolicy=HORIZONTAL_SCROLLBAR_AS_NEEDED,lowerLeft=,lowerRight=,rowHeader=,upperLeft=,upperRight=,verticalScrollBar=javax.swing.JScrollPane$ScrollBar[,0,0,0x0,hidden,layout=com.sun.java.swing.plaf.windows.WindowsScrollBarUI,alignmentX=0.0,alignmentY=0.0,border=,flags=4194632,maximumSize=,minimumSize=,preferredSize=,blockIncrement=10,orientation=VERTICAL,unitIncrement=1],verticalScrollBarPolicy=VERTICAL_SCROLLBAR_AS_NEEDED,viewport=javax.swing.JViewport[,1,25,991x457,invalid,layout=javax.swing.ViewportLayout,alignmentX=0.0,alignmentY=0.0,border=,flags=8388616,maximumSize=,minimumSize=,preferredSize=,isViewSizeSet=true,lastPaintPosition=,scrollUnderway=false],viewportBorder=]
      javax.swing.JViewport[,1,25,991x457,invalid,layout=javax.swing.ViewportLayout,alignmentX=0.0,alignmentY=0.0,border=,flags=8388616,maximumSize=,minimumSize=,preferredSize=,isViewSizeSet=true,lastPaintPosition=,scrollUnderway=false]
       javax.swing.JTable[,0,0,991x457,invalid,alignmentX=0.0,alignmentY=0.0,border=,flags=234881352,maximumSize=,minimumSize=,preferredSize=,autoCreateColumnsFromModel=true,autoResizeMode=AUTO_RESIZE_SUBSEQUENT_COLUMNS,cellSelectionEnabled=false,editingColumn=-1,editingRow=-1,gridColor=javax.swing.plaf.ColorUIResource[r=128,g=128,b=128],preferredViewportSize=java.awt.Dimension[width=450,height=400],rowHeight=16,rowMargin=1,rowSelectionAllowed=true,selectionBackground=javax.swing.plaf.ColorUIResource[r=0,g=120,b=215],selectionForeground=javax.swing.plaf.ColorUIResource[r=255,g=255,b=255],showHorizontalLines=true,showVerticalLines=true]
        javax.swing.CellRendererPane[,0,0,0x0,hidden]
      javax.swing.JScrollPane$ScrollBar[,0,0,0x0,hidden,layout=com.sun.java.swing.plaf.windows.WindowsScrollBarUI,alignmentX=0.0,alignmentY=0.0,border=,flags=4194632,maximumSize=,minimumSize=,preferredSize=,blockIncrement=10,orientation=VERTICAL,unitIncrement=1]
       com.sun.java.swing.plaf.windows.WindowsScrollBarUI$WindowsArrowButton[,0,0,0x0,alignmentX=0.0,alignmentY=0.5,border=com.sun.java.swing.plaf.windows.XPStyle$XPEmptyBorder@5fef0c19,flags=4194600,maximumSize=,minimumSize=,preferredSize=,defaultIcon=,disabledIcon=,disabledSelectedIcon=,margin=javax.swing.plaf.InsetsUIResource[top=2,left=14,bottom=2,right=14],paintBorder=true,paintFocus=true,pressedIcon=,rolloverEnabled=true,rolloverIcon=,rolloverSelectedIcon=,selectedIcon=,text=,defaultCapable=true]
       com.sun.java.swing.plaf.windows.WindowsScrollBarUI$WindowsArrowButton[,0,0,0x0,alignmentX=0.0,alignmentY=0.5,border=com.sun.java.swing.plaf.windows.XPStyle$XPEmptyBorder@5fef0c19,flags=4194600,maximumSize=,minimumSize=,preferredSize=,defaultIcon=,disabledIcon=,disabledSelectedIcon=,margin=javax.swing.plaf.InsetsUIResource[top=2,left=14,bottom=2,right=14],paintBorder=true,paintFocus=true,pressedIcon=,rolloverEnabled=true,rolloverIcon=,rolloverSelectedIcon=,selectedIcon=,text=,defaultCapable=true]
      javax.swing.JScrollPane$ScrollBar[,0,0,0x0,hidden,layout=com.sun.java.swing.plaf.windows.WindowsScrollBarUI,alignmentX=0.0,alignmentY=0.0,border=,flags=4194632,maximumSize=,minimumSize=,preferredSize=,blockIncrement=10,orientation=HORIZONTAL,unitIncrement=1]
       com.sun.java.swing.plaf.windows.WindowsScrollBarUI$WindowsArrowButton[,0,0,0x0,alignmentX=0.0,alignmentY=0.5,border=com.sun.java.swing.plaf.windows.XPStyle$XPEmptyBorder@5fef0c19,flags=4194600,maximumSize=,minimumSize=,preferredSize=,defaultIcon=,disabledIcon=,disabledSelectedIcon=,margin=javax.swing.plaf.InsetsUIResource[top=2,left=14,bottom=2,right=14],paintBorder=true,paintFocus=true,pressedIcon=,rolloverEnabled=true,rolloverIcon=,rolloverSelectedIcon=,selectedIcon=,text=,defaultCapable=true]
       com.sun.java.swing.plaf.windows.WindowsScrollBarUI$WindowsArrowButton[,0,0,0x0,alignmentX=0.0,alignmentY=0.5,border=com.sun.java.swing.plaf.windows.XPStyle$XPEmptyBorder@5fef0c19,flags=4194600,maximumSize=,minimumSize=,preferredSize=,defaultIcon=,disabledIcon=,disabledSelectedIcon=,margin=javax.swing.plaf.InsetsUIResource[top=2,left=14,bottom=2,right=14],paintBorder=true,paintFocus=true,pressedIcon=,rolloverEnabled=true,rolloverIcon=,rolloverSelectedIcon=,selectedIcon=,text=,defaultCapable=true]
      javax.swing.JViewport[,1,1,991x24,invalid,layout=javax.swing.ViewportLayout,alignmentX=0.0,alignmentY=0.0,border=,flags=8388616,maximumSize=,minimumSize=,preferredSize=,isViewSizeSet=true,lastPaintPosition=,scrollUnderway=false]
[...]
  <testcase name="test774" classname="scheduler.randoop.RegressionTest1" time="0.054"/>
  <testcase name="test775" classname="scheduler.randoop.RegressionTest1" time="0.036"/>
  <testcase name="test776" classname="scheduler.randoop.RegressionTest1" time="0.049"/>
  <testcase name="test777" classname="scheduler.randoop.RegressionTest1" time="0.044"/>
  <testcase name="test778" classname="scheduler.randoop.RegressionTest1" time="0.053"/>
  <testcase name="test779" classname="scheduler.randoop.RegressionTest1" time="0.143"/>
  <testcase name="test780" classname="scheduler.randoop.RegressionTest1" time="0.003">
    <system-out><![CDATA[Room ToolTipText has been reserved.
Room ToolTipText has been released.
Room ToolTipText has been reserved.
Room ToolTipText has been released.
Room ToolTipText is already available.
Room ToolTipText has been reserved.
Room ToolTipText cannot be reserved because it is occupied.
Room ToolTipText has been reserved.
Room ToolTipText has been released.
Room ToolTipText is already available.
]]></system-out>
  </testcase>
  <testcase name="test781" classname="scheduler.randoop.RegressionTest1" time="0.087"/>
  <testcase name="test782" classname="scheduler.randoop.RegressionTest1" time="0.001"/>
  <testcase name="test783" classname="scheduler.randoop.RegressionTest1" time="0.22"/>
  <testcase name="test784" classname="scheduler.randoop.RegressionTest1" time="0.0"/>
  <testcase name="test785" classname="scheduler.randoop.RegressionTest1" time="0.075"/>
  <testcase name="test786" classname="scheduler.randoop.RegressionTest1" time="0.087"/>
  <testcase name="test787" classname="scheduler.randoop.RegressionTest1" time="0.095"/>
  <testcase name="test788" classname="scheduler.randoop.RegressionTest1" time="0.042"/>
  <testcase name="test789" classname="scheduler.randoop.RegressionTest1" time="0.002">
    <system-out><![CDATA[Processing debit billing for: $0.0
Processing debit billing for: $32.0
]]></system-out>
  </testcase>
  <testcase name="test790" classname="scheduler.randoop.RegressionTest1" time="0.0"/>
  <testcase name="test791" classname="scheduler.randoop.RegressionTest1" time="0.047"/>
  <testcase name="test792" classname="scheduler.randoop.RegressionTest1" time="0.147"/>
  <testcase name="test793" classname="scheduler.randoop.RegressionTest1" time="0.002">
    <system-out><![CDATA[Processing institutional billing for: $10.0
]]></system-out>
  </testcase>
  <testcase name="test794" classname="scheduler.randoop.RegressionTest1" time="0.04"/>
  <testcase name="test795" classname="scheduler.randoop.RegressionTest1" time="0.0"/>
  <testcase name="test796" classname="scheduler.randoop.RegressionTest1" time="0.042"/>
  <testcase name="test797" classname="scheduler.randoop.RegressionTest1" time="0.189"/>
  <testcase name="test798" classname="scheduler.randoop.RegressionTest1" time="0.003">
    <system-out><![CDATA[Room ToolTipText cannot be reserved because it is occupied.
]]></system-out>
  </testcase>
  <testcase name="test799" classname="scheduler.randoop.RegressionTest1" time="0.098"/>
  <testcase name="test800" classname="scheduler.randoop.RegressionTest1" time="0.001"/>
  <testcase name="test801" classname="scheduler.randoop.RegressionTest1" time="0.0"/>
  <testcase name="test802" classname="scheduler.randoop.RegressionTest1" time="0.053"/>
  <testcase name="test803" classname="scheduler.randoop.RegressionTest1" time="0.002"/>
  <testcase name="test804" classname="scheduler.randoop.RegressionTest1" time="0.043"/>
  <testcase name="test805" classname="scheduler.randoop.RegressionTest1" time="0.003"/>
  <testcase name="test806" classname="scheduler.randoop.RegressionTest1" time="0.039"/>
  <testcase name="test807" classname="scheduler.randoop.RegressionTest1" time="0.0"/>
  <testcase name="test808" classname="scheduler.randoop.RegressionTest1" time="0.042"/>
  <testcase name="test809" classname="scheduler.randoop.RegressionTest1" time="0.003"/>
  <testcase name="test810" classname="scheduler.randoop.RegressionTest1" time="0.0"/>
  <testcase name="test811" classname="scheduler.randoop.RegressionTest1" time="0.143"/>
  <testcase name="test812" classname="scheduler.randoop.RegressionTest1" time="0.001"/>
  <testcase name="test813" classname="scheduler.randoop.RegressionTest1" time="0.003"/>
  <testcase name="test814" classname="scheduler.randoop.RegressionTest1" time="0.0"/>
  <testcase name="test815" classname="scheduler.randoop.RegressionTest1" time="0.0"/>
  <testcase name="test816" classname="scheduler.randoop.RegressionTest1" time="0.036"/>
  <testcase name="test817" classname="scheduler.randoop.RegressionTest1" time="0.191"/>
  <testcase name="test818" classname="scheduler.randoop.RegressionTest1" time="0.0"/>
  <testcase name="test819" classname="scheduler.randoop.RegressionTest1" time="0.002"/>
  <testcase name="test820" classname="scheduler.randoop.RegressionTest1" time="0.012">
    <system-out><![CDATA[scheduler.gui.SensorPanel[,0,0,0x0,invalid,layout=java.awt.BorderLayout,alignmentX=0.0,alignmentY=0.0,border=javax.swing.border.EmptyBorder@2e7227e6,flags=9,maximumSize=,minimumSize=java.awt.Dimension[width=2147483647,height=2147483647],preferredSize=]
 javax.swing.JLabel[,0,0,0x0,invalid,alignmentX=0.0,alignmentY=0.0,border=,flags=8388608,maximumSize=,minimumSize=,preferredSize=,defaultIcon=,disabledIcon=,horizontalAlignment=CENTER,horizontalTextPosition=TRAILING,iconTextGap=4,labelFor=,text=Room Sensor Status,verticalAlignment=CENTER,verticalTextPosition=CENTER]
 javax.swing.JScrollPane[,0,0,0x0,invalid,layout=javax.swing.ScrollPaneLayout$UIResource,alignmentX=0.0,alignmentY=0.0,border=com.sun.java.swing.plaf.windows.XPStyle$XPFillBorder@43dc6864,flags=328,maximumSize=,minimumSize=,preferredSize=,columnHeader=,horizontalScrollBar=javax.swing.JScrollPane$ScrollBar[,0,0,0x0,invalid,layout=com.sun.java.swing.plaf.windows.WindowsScrollBarUI,alignmentX=0.0,alignmentY=0.0,border=,flags=4194632,maximumSize=,minimumSize=,preferredSize=,blockIncrement=10,orientation=HORIZONTAL,unitIncrement=1],horizontalScrollBarPolicy=HORIZONTAL_SCROLLBAR_AS_NEEDED,lowerLeft=,lowerRight=,rowHeader=,upperLeft=,upperRight=,verticalScrollBar=javax.swing.JScrollPane$ScrollBar[,0,0,0x0,invalid,layout=com.sun.java.swing.plaf.windows.WindowsScrollBarUI,alignmentX=0.0,alignmentY=0.0,border=,flags=4194632,maximumSize=,minimumSize=,preferredSize=,blockIncrement=10,orientation=VERTICAL,unitIncrement=1],verticalScrollBarPolicy=VERTICAL_SCROLLBAR_AS_NEEDED,viewport=javax.swing.JViewport[,0,0,0x0,invalid,layout=javax.swing.ViewportLayout,alignmentX=0.0,alignmentY=0.0,border=,flags=8388616,maximumSize=,minimumSize=,preferredSize=,isViewSizeSet=false,lastPaintPosition=,scrollUnderway=false],viewportBorder=]
  javax.swing.JViewport[,0,0,0x0,invalid,layout=javax.swing.ViewportLayout,alignmentX=0.0,alignmentY=0.0,border=,flags=8388616,maximumSize=,minimumSize=,preferredSize=,isViewSizeSet=false,lastPaintPosition=,scrollUnderway=false]
   javax.swing.JTable[,0,0,0x0,invalid,alignmentX=0.0,alignmentY=0.0,border=,flags=234881352,maximumSize=,minimumSize=,preferredSize=,autoCreateColumnsFromModel=true,autoResizeMode=AUTO_RESIZE_SUBSEQUENT_COLUMNS,cellSelectionEnabled=false,editingColumn=-1,editingRow=-1,gridColor=javax.swing.plaf.ColorUIResource[r=128,g=128,b=128],preferredViewportSize=java.awt.Dimension[width=450,height=400],rowHeight=16,rowMargin=1,rowSelectionAllowed=true,selectionBackground=javax.swing.plaf.ColorUIResource[r=0,g=120,b=215],selectionForeground=javax.swing.plaf.ColorUIResource[r=255,g=255,b=255],showHorizontalLines=true,showVerticalLines=true]
    javax.swing.CellRendererPane[,0,0,0x0,invalid,hidden]
  javax.swing.JScrollPane$ScrollBar[,0,0,0x0,invalid,layout=com.sun.java.swing.plaf.windows.WindowsScrollBarUI,alignmentX=0.0,alignmentY=0.0,border=,flags=4194632,maximumSize=,minimumSize=,preferredSize=,blockIncrement=10,orientation=VERTICAL,unitIncrement=1]
   com.sun.java.swing.plaf.windows.WindowsScrollBarUI$WindowsArrowButton[,0,0,0x0,invalid,alignmentX=0.0,alignmentY=0.5,border=com.sun.java.swing.plaf.windows.XPStyle$XPEmptyBorder@2c1523cd,flags=4194600,maximumSize=,minimumSize=,preferredSize=,defaultIcon=,disabledIcon=,disabledSelectedIcon=,margin=javax.swing.plaf.InsetsUIResource[top=2,left=14,bottom=2,right=14],paintBorder=true,paintFocus=true,pressedIcon=,rolloverEnabled=true,rolloverIcon=,rolloverSelectedIcon=,selectedIcon=,text=,defaultCapable=true]
   com.sun.java.swing.plaf.windows.WindowsScrollBarUI$WindowsArrowButton[,0,0,0x0,invalid,alignmentX=0.0,alignmentY=0.5,border=com.sun.java.swing.plaf.windows.XPStyle$XPEmptyBorder@2c1523cd,flags=4194600,maximumSize=,minimumSize=,preferredSize=,defaultIcon=,disabledIcon=,disabledSelectedIcon=,margin=javax.swing.plaf.InsetsUIResource[top=2,left=14,bottom=2,right=14],paintBorder=true,paintFocus=true,pressedIcon=,rolloverEnabled=true,rolloverIcon=,rolloverSelectedIcon=,selectedIcon=,text=,defaultCapable=true]
  javax.swing.JScrollPane$ScrollBar[,0,0,0x0,invalid,layout=com.sun.java.swing.plaf.windows.WindowsScrollBarUI,alignmentX=0.0,alignmentY=0.0,border=,flags=4194632,maximumSize=,minimumSize=,preferredSize=,blockIncrement=10,orientation=HORIZONTAL,unitIncrement=1]
   com.sun.java.swing.plaf.windows.WindowsScrollBarUI$WindowsArrowButton[,0,0,0x0,invalid,alignmentX=0.0,alignmentY=0.5,border=com.sun.java.swing.plaf.windows.XPStyle$XPEmptyBorder@2c1523cd,flags=4194600,maximumSize=,minimumSize=,preferredSize=,defaultIcon=,disabledIcon=,disabledSelectedIcon=,margin=javax.swing.plaf.InsetsUIResource[top=2,left=14,bottom=2,right=14],paintBorder=true,paintFocus=true,pressedIcon=,rolloverEnabled=true,rolloverIcon=,rolloverSelectedIcon=,selectedIcon=,text=,defaultCapable=true]
   com.sun.java.swing.plaf.windows.WindowsScrollBarUI$WindowsArrowButton[,0,0,0x0,invalid,alignmentX=0.0,alignmentY=0.5,border=com.sun.java.swing.plaf.windows.XPStyle$XPEmptyBorder@2c1523cd,flags=4194600,maximumSize=,minimumSize=,preferredSize=,defaultIcon=,disabledIcon=,disabledSelectedIcon=,margin=javax.swing.plaf.InsetsUIResource[top=2,left=14,bottom=2,right=14],paintBorder=true,paintFocus=true,pressedIcon=,rolloverEnabled=true,rolloverIcon=,rolloverSelectedIcon=,selectedIcon=,text=,defaultCapable=true]
 javax.swing.JPanel[,0,0,0x0,invalid,layout=java.awt.FlowLayout,alignmentX=0.0,alignmentY=0.0,border=,flags=9,maximumSize=,minimumSize=,preferredSize=]
  javax.swing.JButton[,0,0,0x0,invalid,alignmentX=0.0,alignmentY=0.5,border=com.sun.java.swing.plaf.windows.XPStyle$XPEmptyBorder@2c1523cd,flags=296,maximumSize=,minimumSize=,preferredSize=,defaultIcon=,disabledIcon=,disabledSelectedIcon=,margin=javax.swing.plaf.InsetsUIResource[top=2,left=14,bottom=2,right=14],paintBorder=true,paintFocus=true,pressedIcon=,rolloverEnabled=true,rolloverIcon=,rolloverSelectedIcon=,selectedIcon=,text=Refresh,defaultCapable=true]
  javax.swing.JButton[,0,0,0x0,invalid,alignmentX=0.0,alignmentY=0.5,border=com.sun.java.swing.plaf.windows.XPStyle$XPEmptyBorder@2c1523cd,flags=296,maximumSize=,minimumSize=,preferredSize=,defaultIcon=,disabledIcon=,disabledSelectedIcon=,margin=javax.swing.plaf.InsetsUIResource[top=2,left=14,bottom=2,right=14],paintBorder=true,paintFocus=true,pressedIcon=,rolloverEnabled=true,rolloverIcon=,rolloverSelectedIcon=,selectedIcon=,text=Simulate Occupancy Change,defaultCapable=true]
  javax.swing.JButton[,0,0,0x0,invalid,alignmentX=0.0,alignmentY=0.5,border=com.sun.java.swing.plaf.windows.XPStyle$XPEmptyBorder@2c1523cd,flags=296,maximumSize=,minimumSize=,preferredSize=,defaultIcon=,disabledIcon=,disabledSelectedIcon=,margin=javax.swing.plaf.InsetsUIResource[top=2,left=14,bottom=2,right=14],paintBorder=true,paintFocus=true,pressedIcon=,rolloverEnabled=true,rolloverIcon=,rolloverSelectedIcon=,selectedIcon=,text=Back,defaultCapable=true]
]]></system-out>
  </testcase>
  <testcase name="test821" classname="scheduler.randoop.RegressionTest1" time="0.0"/>
  <testcase name="test822" classname="scheduler.randoop.RegressionTest1" time="0.035"/>
  <testcase name="test823" classname="scheduler.randoop.RegressionTest1" time="0.0"/>
  <testcase name="test824" classname="scheduler.randoop.RegressionTest1" time="0.003"/>
  <testcase name="test825" classname="scheduler.randoop.RegressionTest1" time="0.001"/>
  <testcase name="test826" classname="scheduler.randoop.RegressionTest1" time="0.042"/>
  <testcase name="test827" classname="scheduler.randoop.RegressionTest1" time="0.002"/>
  <testcase name="test828" classname="scheduler.randoop.RegressionTest1" time="0.004"/>
  <testcase name="test829" classname="scheduler.randoop.RegressionTest1" time="0.0"/>
  <testcase name="test830" classname="scheduler.randoop.RegressionTest1" time="0.0"/>
  <testcase name="test831" classname="scheduler.randoop.RegressionTest1" time="0.04">
    <system-out><![CDATA[Room ToolTipText has been reserved.
Room ToolTipText cannot be reserved because it is occupied.
Room ToolTipText has been released.
Room ToolTipText has been reserved.
Room ToolTipText has been released.
Room ToolTipText cannot be reserved because it is occupied.
Processing credit billing for: $10.0
]]></system-out>
  </testcase>
  <testcase name="test832" classname="scheduler.randoop.RegressionTest1" time="0.0"/>
  <testcase name="test833" classname="scheduler.randoop.RegressionTest1" time="0.003">
    <system-out><![CDATA[Processing credit billing for: $10.0
Processing credit billing for: $-1.0
]]></system-out>
  </testcase>
  <testcase name="test834" classname="scheduler.randoop.RegressionTest1" time="0.001"/>
  <testcase name="test835" classname="scheduler.randoop.RegressionTest1" time="0.267"/>
  <testcase name="test836" classname="scheduler.randoop.RegressionTest1" time="0.003">
    <system-out><![CDATA[Room ToolTipText has been reserved.
Room ToolTipText has been released.
Room ToolTipText has been reserved.
Room ToolTipText has been released.
Room ToolTipText is already available.
Room ToolTipText is already available.
Room ToolTipText is already available.
]]></system-out>
  </testcase>
  <testcase name="test837" classname="scheduler.randoop.RegressionTest1" time="0.302"/>
  <testcase name="test838" classname="scheduler.randoop.RegressionTest1" time="0.002"/>
  <testcase name="test839" classname="scheduler.randoop.RegressionTest1" time="0.104"/>
  <testcase name="test840" classname="scheduler.randoop.RegressionTest1" time="0.007"/>
  <testcase name="test841" classname="scheduler.randoop.RegressionTest1" time="0.074"/>
  <testcase name="test842" classname="scheduler.randoop.RegressionTest1" time="0.107"/>
  <testcase name="test843" classname="scheduler.randoop.RegressionTest1" time="0.099"/>
  <testcase name="test844" classname="scheduler.randoop.RegressionTest1" time="0.0"/>
  <testcase name="test845" classname="scheduler.randoop.RegressionTest1" time="0.093"/>
  <testcase name="test846" classname="scheduler.randoop.RegressionTest1" time="0.0"/>
  <testcase name="test847" classname="scheduler.randoop.RegressionTest1" time="0.0"/>
  <testcase name="test848" classname="scheduler.randoop.RegressionTest1" time="0.09"/>
  <testcase name="test849" classname="scheduler.randoop.RegressionTest1" time="0.002"/>
  <testcase name="test850" classname="scheduler.randoop.RegressionTest1" time="0.045"/>
  <testcase name="test851" classname="scheduler.randoop.RegressionTest1" time="0.04"/>
  <testcase name="test852" classname="scheduler.randoop.RegressionTest1" time="0.051"/>
  <testcase name="test853" classname="scheduler.randoop.RegressionTest1" time="0.001"/>
  <testcase name="test854" classname="scheduler.randoop.RegressionTest1" time="0.091"/>
  <testcase name="test855" classname="scheduler.randoop.RegressionTest1" time="0.044"/>
  <testcase name="test856" classname="scheduler.randoop.RegressionTest1" time="0.056"/>
  <testcase name="test857" classname="scheduler.randoop.RegressionTest1" time="0.001"/>
  <testcase name="test858" classname="scheduler.randoop.RegressionTest1" time="0.002"/>
  <testcase name="test859" classname="scheduler.randoop.RegressionTest1" time="0.001"/>
  <testcase name="test860" classname="scheduler.randoop.RegressionTest1" time="0.039"/>
  <testcase name="test861" classname="scheduler.randoop.RegressionTest1" time="0.0"/>
  <testcase name="test862" classname="scheduler.randoop.RegressionTest1" time="0.202"/>
  <testcase name="test863" classname="scheduler.randoop.RegressionTest1" time="0.001"/>
  <testcase name="test864" classname="scheduler.randoop.RegressionTest1" time="0.001"/>
  <testcase name="test865" classname="scheduler.randoop.RegressionTest1" time="0.063"/>
  <testcase name="test866" classname="scheduler.randoop.RegressionTest1" time="0.002"/>
  <testcase name="test867" classname="scheduler.randoop.RegressionTest1" time="0.042"/>
  <testcase name="test868" classname="scheduler.randoop.RegressionTest1" time="0.111"/>
  <testcase name="test869" classname="scheduler.randoop.RegressionTest1" time="0.045"/>
  <testcase name="test870" classname="scheduler.randoop.RegressionTest1" time="0.002"/>
  <testcase name="test871" classname="scheduler.randoop.RegressionTest1" time="0.039"/>
  <testcase name="test872" classname="scheduler.randoop.RegressionTest1" time="0.001"/>
  <testcase name="test873" classname="scheduler.randoop.RegressionTest1" time="0.044"/>
  <testcase name="test874" classname="scheduler.randoop.RegressionTest1" time="0.111"/>
  <testcase name="test875" classname="scheduler.randoop.RegressionTest1" time="0.062"/>
  <testcase name="test876" classname="scheduler.randoop.RegressionTest1" time="0.002"/>
  <testcase name="test877" classname="scheduler.randoop.RegressionTest1" time="0.0"/>
  <testcase name="test878" classname="scheduler.randoop.RegressionTest1" time="0.065"/>
  <testcase name="test879" classname="scheduler.randoop.RegressionTest1" time="0.059"/>
  <testcase name="test880" classname="scheduler.randoop.RegressionTest1" time="0.11"/>
  <testcase name="test881" classname="scheduler.randoop.RegressionTest1" time="0.0"/>
  <testcase name="test882" classname="scheduler.randoop.RegressionTest1" time="0.005"/>
  <testcase name="test883" classname="scheduler.randoop.RegressionTest1" time="0.0"/>
  <testcase name="test884" classname="scheduler.randoop.RegressionTest1" time="0.124"/>
  <testcase name="test885" classname="scheduler.randoop.RegressionTest1" time="0.069"/>
  <testcase name="test886" classname="scheduler.randoop.RegressionTest1" time="0.118"/>
  <testcase name="test887" classname="scheduler.randoop.RegressionTest1" time="0.062"/>
  <testcase name="test888" classname="scheduler.randoop.RegressionTest1" time="0.063"/>
  <testcase name="test889" classname="scheduler.randoop.RegressionTest1" time="0.046"/>
  <testcase name="test890" classname="scheduler.randoop.RegressionTest1" time="0.161"/>
  <testcase name="test891" classname="scheduler.randoop.RegressionTest1" time="0.002"/>
  <testcase name="test892" classname="scheduler.randoop.RegressionTest1" time="0.001"/>
  <testcase name="test893" classname="scheduler.randoop.RegressionTest1" time="0.181"/>
  <testcase name="test894" classname="scheduler.randoop.RegressionTest1" time="0.044"/>
  <testcase name="test895" classname="scheduler.randoop.RegressionTest1" time="0.187"/>
  <testcase name="test896" classname="scheduler.randoop.RegressionTest1" time="0.001"/>
  <testcase name="test897" classname="scheduler.randoop.RegressionTest1" time="0.0"/>
  <testcase name="test898" classname="scheduler.randoop.RegressionTest1" time="0.002"/>
  <testcase name="test899" classname="scheduler.randoop.RegressionTest1" time="0.004"/>
  <testcase name="test900" classname="scheduler.randoop.RegressionTest1" time="0.05"/>
  <testcase name="test901" classname="scheduler.randoop.RegressionTest1" time="0.001"/>
  <testcase name="test902" classname="scheduler.randoop.RegressionTest1" time="0.003"/>
  <testcase name="test903" classname="scheduler.randoop.RegressionTest1" time="0.0"/>
  <testcase name="test904" classname="scheduler.randoop.RegressionTest1" time="0.003"/>
</testsuite>